0 info it worked if it ends with ok
1 verbose cli [ 'C:\\Program Files\\nodejs\\node.exe',
1 verbose cli   'C:\\Program Files\\nodejs\\node_modules\\npm\\bin\\npm-cli.js',
1 verbose cli   'install',
1 verbose cli   '--save',
1 verbose cli   'pg-native' ]
2 info using npm@3.10.8
3 info using node@v6.9.1
4 silly loadCurrentTree Starting
5 silly install loadCurrentTree
6 silly install readLocalPackageData
7 silly fetchPackageMetaData pg-native
8 silly fetchNamedPackageData pg-native
9 silly mapToRegistry name pg-native
10 silly mapToRegistry using default registry
11 silly mapToRegistry registry https://registry.npmjs.org/
12 silly mapToRegistry data Result {
12 silly mapToRegistry   raw: 'pg-native',
12 silly mapToRegistry   scope: null,
12 silly mapToRegistry   escapedName: 'pg-native',
12 silly mapToRegistry   name: 'pg-native',
12 silly mapToRegistry   rawSpec: '',
12 silly mapToRegistry   spec: 'latest',
12 silly mapToRegistry   type: 'tag' }
13 silly mapToRegistry uri https://registry.npmjs.org/pg-native
14 verbose request uri https://registry.npmjs.org/pg-native
15 verbose request no auth needed
16 info attempt registry request try #1 at 11:57:41 PM
17 verbose request id f3a8a67f84985fb5
18 http request GET https://registry.npmjs.org/pg-native
19 http 200 https://registry.npmjs.org/pg-native
20 verbose headers { server: 'nginx/1.10.1',
20 verbose headers   'content-type': 'application/json',
20 verbose headers   'last-modified': 'Tue, 22 Dec 2015 19:17:42 GMT',
20 verbose headers   etag: 'W/"5679a1d6-a891"',
20 verbose headers   'content-encoding': 'gzip',
20 verbose headers   'cache-control': 'max-age=300',
20 verbose headers   'content-length': '6817',
20 verbose headers   'accept-ranges': 'bytes',
20 verbose headers   date: 'Wed, 23 Nov 2016 04:57:41 GMT',
20 verbose headers   via: '1.1 varnish',
20 verbose headers   age: '0',
20 verbose headers   connection: 'keep-alive',
20 verbose headers   'x-served-by': 'cache-jfk8138-JFK',
20 verbose headers   'x-cache': 'MISS',
20 verbose headers   'x-cache-hits': '0',
20 verbose headers   'x-timer': 'S1479877061.687551,VS0,VE8',
20 verbose headers   vary: 'Accept-Encoding' }
21 silly get cb [ 200,
21 silly get   { server: 'nginx/1.10.1',
21 silly get     'content-type': 'application/json',
21 silly get     'last-modified': 'Tue, 22 Dec 2015 19:17:42 GMT',
21 silly get     etag: 'W/"5679a1d6-a891"',
21 silly get     'content-encoding': 'gzip',
21 silly get     'cache-control': 'max-age=300',
21 silly get     'content-length': '6817',
21 silly get     'accept-ranges': 'bytes',
21 silly get     date: 'Wed, 23 Nov 2016 04:57:41 GMT',
21 silly get     via: '1.1 varnish',
21 silly get     age: '0',
21 silly get     connection: 'keep-alive',
21 silly get     'x-served-by': 'cache-jfk8138-JFK',
21 silly get     'x-cache': 'MISS',
21 silly get     'x-cache-hits': '0',
21 silly get     'x-timer': 'S1479877061.687551,VS0,VE8',
21 silly get     vary: 'Accept-Encoding' } ]
22 verbose get saving pg-native to C:\Users\ryans\AppData\Roaming\npm-cache\registry.npmjs.org\pg-native\.cache.json
23 verbose correctMkdir C:\Users\ryans\AppData\Roaming\npm-cache correctMkdir not in flight; initializing
24 silly install normalizeTree
25 silly loadCurrentTree Finishing
26 silly loadIdealTree Starting
27 silly install loadIdealTree
28 silly cloneCurrentTree Starting
29 silly install cloneCurrentTreeToIdealTree
30 silly cloneCurrentTree Finishing
31 silly loadShrinkwrap Starting
32 silly install loadShrinkwrap
33 silly loadShrinkwrap Finishing
34 silly loadAllDepsIntoIdealTree Starting
35 silly install loadAllDepsIntoIdealTree
36 silly resolveWithNewModule pg-native@1.10.0 checking installable status
37 silly cache add args [ 'pg-native', null ]
38 verbose cache add spec pg-native
39 silly cache add parsed spec Result {
39 silly cache add   raw: 'pg-native',
39 silly cache add   scope: null,
39 silly cache add   escapedName: 'pg-native',
39 silly cache add   name: 'pg-native',
39 silly cache add   rawSpec: '',
39 silly cache add   spec: 'latest',
39 silly cache add   type: 'tag' }
40 silly addNamed pg-native@latest
41 verbose addNamed "latest" is being treated as a dist-tag for pg-native
42 info addNameTag [ 'pg-native', 'latest' ]
43 silly mapToRegistry name pg-native
44 silly mapToRegistry using default registry
45 silly mapToRegistry registry https://registry.npmjs.org/
46 silly mapToRegistry data Result {
46 silly mapToRegistry   raw: 'pg-native',
46 silly mapToRegistry   scope: null,
46 silly mapToRegistry   escapedName: 'pg-native',
46 silly mapToRegistry   name: 'pg-native',
46 silly mapToRegistry   rawSpec: '',
46 silly mapToRegistry   spec: 'latest',
46 silly mapToRegistry   type: 'tag' }
47 silly mapToRegistry uri https://registry.npmjs.org/pg-native
48 verbose addNameTag registry:https://registry.npmjs.org/pg-native not in flight; fetching
49 verbose get https://registry.npmjs.org/pg-native not expired, no request
50 silly addNameTag next cb for pg-native with tag latest
51 silly addNamed pg-native@1.10.0
52 verbose addNamed "1.10.0" is a plain semver version for pg-native
53 silly mapToRegistry name pg-native
54 silly mapToRegistry using default registry
55 silly mapToRegistry registry https://registry.npmjs.org/
56 silly mapToRegistry data Result {
56 silly mapToRegistry   raw: 'pg-native',
56 silly mapToRegistry   scope: null,
56 silly mapToRegistry   escapedName: 'pg-native',
56 silly mapToRegistry   name: 'pg-native',
56 silly mapToRegistry   rawSpec: '',
56 silly mapToRegistry   spec: 'latest',
56 silly mapToRegistry   type: 'tag' }
57 silly mapToRegistry uri https://registry.npmjs.org/pg-native
58 verbose addRemoteTarball https://registry.npmjs.org/pg-native/-/pg-native-1.10.0.tgz not in flight; adding
59 verbose addRemoteTarball [ 'https://registry.npmjs.org/pg-native/-/pg-native-1.10.0.tgz',
59 verbose addRemoteTarball   'abe299214afa2be51db5f5104e14770c738230fd' ]
60 info retry fetch attempt 1 at 11:57:42 PM
61 info attempt registry request try #1 at 11:57:42 PM
62 http fetch GET https://registry.npmjs.org/pg-native/-/pg-native-1.10.0.tgz
63 http fetch 200 https://registry.npmjs.org/pg-native/-/pg-native-1.10.0.tgz
64 silly fetchAndShaCheck shasum abe299214afa2be51db5f5104e14770c738230fd
65 verbose addTmpTarball C:\Users\ryans\AppData\Local\Temp\npm-13548-6491f4ff\registry.npmjs.org\pg-native\-\pg-native-1.10.0.tgz not in flight; adding
66 verbose addTmpTarball already have metadata; skipping unpack for pg-native@1.10.0
67 verbose correctMkdir C:\Users\ryans\AppData\Roaming\npm-cache correctMkdir not in flight; initializing
68 silly cache afterAdd pg-native@1.10.0
69 verbose afterAdd C:\Users\ryans\AppData\Roaming\npm-cache\pg-native\1.10.0\package\package.json not in flight; writing
70 verbose correctMkdir C:\Users\ryans\AppData\Roaming\npm-cache correctMkdir not in flight; initializing
71 verbose afterAdd C:\Users\ryans\AppData\Roaming\npm-cache\pg-native\1.10.0\package\package.json written
72 silly fetchNamedPackageData libpq
73 silly mapToRegistry name libpq
74 silly mapToRegistry using default registry
75 silly mapToRegistry registry https://registry.npmjs.org/
76 silly mapToRegistry data Result {
76 silly mapToRegistry   raw: 'libpq',
76 silly mapToRegistry   scope: null,
76 silly mapToRegistry   escapedName: 'libpq',
76 silly mapToRegistry   name: 'libpq',
76 silly mapToRegistry   rawSpec: '',
76 silly mapToRegistry   spec: 'latest',
76 silly mapToRegistry   type: 'tag' }
77 silly mapToRegistry uri https://registry.npmjs.org/libpq
78 silly fetchNamedPackageData pg-types
79 silly mapToRegistry name pg-types
80 silly mapToRegistry using default registry
81 silly mapToRegistry registry https://registry.npmjs.org/
82 silly mapToRegistry data Result {
82 silly mapToRegistry   raw: 'pg-types',
82 silly mapToRegistry   scope: null,
82 silly mapToRegistry   escapedName: 'pg-types',
82 silly mapToRegistry   name: 'pg-types',
82 silly mapToRegistry   rawSpec: '',
82 silly mapToRegistry   spec: 'latest',
82 silly mapToRegistry   type: 'tag' }
83 silly mapToRegistry uri https://registry.npmjs.org/pg-types
84 silly fetchNamedPackageData readable-stream
85 silly mapToRegistry name readable-stream
86 silly mapToRegistry using default registry
87 silly mapToRegistry registry https://registry.npmjs.org/
88 silly mapToRegistry data Result {
88 silly mapToRegistry   raw: 'readable-stream',
88 silly mapToRegistry   scope: null,
88 silly mapToRegistry   escapedName: 'readable-stream',
88 silly mapToRegistry   name: 'readable-stream',
88 silly mapToRegistry   rawSpec: '',
88 silly mapToRegistry   spec: 'latest',
88 silly mapToRegistry   type: 'tag' }
89 silly mapToRegistry uri https://registry.npmjs.org/readable-stream
90 verbose request uri https://registry.npmjs.org/libpq
91 verbose request no auth needed
92 info attempt registry request try #1 at 11:57:42 PM
93 http request GET https://registry.npmjs.org/libpq
94 verbose request uri https://registry.npmjs.org/pg-types
95 verbose request no auth needed
96 info attempt registry request try #1 at 11:57:42 PM
97 verbose etag W/"571a65ca-4149"
98 verbose lastModified Fri, 22 Apr 2016 17:56:26 GMT
99 http request GET https://registry.npmjs.org/pg-types
100 verbose request uri https://registry.npmjs.org/readable-stream
101 verbose request no auth needed
102 info attempt registry request try #1 at 11:57:42 PM
103 verbose etag W/"5829b685-12389"
104 verbose lastModified Mon, 14 Nov 2016 13:05:09 GMT
105 http request GET https://registry.npmjs.org/readable-stream
106 http 200 https://registry.npmjs.org/libpq
107 verbose headers { server: 'nginx/1.10.1',
107 verbose headers   'content-type': 'application/json',
107 verbose headers   'last-modified': 'Wed, 03 Aug 2016 15:30:37 GMT',
107 verbose headers   etag: 'W/"57a20e1d-e371"',
107 verbose headers   'content-encoding': 'gzip',
107 verbose headers   'cache-control': 'max-age=300',
107 verbose headers   'content-length': '10407',
107 verbose headers   'accept-ranges': 'bytes',
107 verbose headers   date: 'Wed, 23 Nov 2016 04:57:42 GMT',
107 verbose headers   via: '1.1 varnish',
107 verbose headers   age: '0',
107 verbose headers   connection: 'keep-alive',
107 verbose headers   'x-served-by': 'cache-jfk8138-JFK',
107 verbose headers   'x-cache': 'MISS',
107 verbose headers   'x-cache-hits': '0',
107 verbose headers   'x-timer': 'S1479877062.669633,VS0,VE8',
107 verbose headers   vary: 'Accept-Encoding' }
108 silly get cb [ 200,
108 silly get   { server: 'nginx/1.10.1',
108 silly get     'content-type': 'application/json',
108 silly get     'last-modified': 'Wed, 03 Aug 2016 15:30:37 GMT',
108 silly get     etag: 'W/"57a20e1d-e371"',
108 silly get     'content-encoding': 'gzip',
108 silly get     'cache-control': 'max-age=300',
108 silly get     'content-length': '10407',
108 silly get     'accept-ranges': 'bytes',
108 silly get     date: 'Wed, 23 Nov 2016 04:57:42 GMT',
108 silly get     via: '1.1 varnish',
108 silly get     age: '0',
108 silly get     connection: 'keep-alive',
108 silly get     'x-served-by': 'cache-jfk8138-JFK',
108 silly get     'x-cache': 'MISS',
108 silly get     'x-cache-hits': '0',
108 silly get     'x-timer': 'S1479877062.669633,VS0,VE8',
108 silly get     vary: 'Accept-Encoding' } ]
109 verbose get saving libpq to C:\Users\ryans\AppData\Roaming\npm-cache\registry.npmjs.org\libpq\.cache.json
110 verbose correctMkdir C:\Users\ryans\AppData\Roaming\npm-cache correctMkdir not in flight; initializing
111 silly resolveWithNewModule libpq@1.8.5 checking installable status
112 silly cache add args [ 'libpq@^1.7.0', null ]
113 verbose cache add spec libpq@^1.7.0
114 silly cache add parsed spec Result {
114 silly cache add   raw: 'libpq@^1.7.0',
114 silly cache add   scope: null,
114 silly cache add   escapedName: 'libpq',
114 silly cache add   name: 'libpq',
114 silly cache add   rawSpec: '^1.7.0',
114 silly cache add   spec: '>=1.7.0 <2.0.0',
114 silly cache add   type: 'range' }
115 silly addNamed libpq@>=1.7.0 <2.0.0
116 verbose addNamed ">=1.7.0 <2.0.0" is a valid semver range for libpq
117 silly addNameRange { name: 'libpq', range: '>=1.7.0 <2.0.0', hasData: false }
118 silly mapToRegistry name libpq
119 silly mapToRegistry using default registry
120 silly mapToRegistry registry https://registry.npmjs.org/
121 silly mapToRegistry data Result {
121 silly mapToRegistry   raw: 'libpq',
121 silly mapToRegistry   scope: null,
121 silly mapToRegistry   escapedName: 'libpq',
121 silly mapToRegistry   name: 'libpq',
121 silly mapToRegistry   rawSpec: '',
121 silly mapToRegistry   spec: 'latest',
121 silly mapToRegistry   type: 'tag' }
122 silly mapToRegistry uri https://registry.npmjs.org/libpq
123 verbose addNameRange registry:https://registry.npmjs.org/libpq not in flight; fetching
124 verbose get https://registry.npmjs.org/libpq not expired, no request
125 silly addNameRange number 2 { name: 'libpq', range: '>=1.7.0 <2.0.0', hasData: true }
126 silly addNameRange versions [ 'libpq',
126 silly addNameRange   [ '0.2.0',
126 silly addNameRange     '0.2.1',
126 silly addNameRange     '0.2.2',
126 silly addNameRange     '0.2.3',
126 silly addNameRange     '0.2.4',
126 silly addNameRange     '0.2.5',
126 silly addNameRange     '0.3.0',
126 silly addNameRange     '0.4.0',
126 silly addNameRange     '0.4.1',
126 silly addNameRange     '0.5.0',
126 silly addNameRange     '0.5.1',
126 silly addNameRange     '0.5.2',
126 silly addNameRange     '0.5.3',
126 silly addNameRange     '1.0.0',
126 silly addNameRange     '1.0.1',
126 silly addNameRange     '1.1.0',
126 silly addNameRange     '1.2.0',
126 silly addNameRange     '1.2.1',
126 silly addNameRange     '1.3.0',
126 silly addNameRange     '1.3.1',
126 silly addNameRange     '1.4.0',
126 silly addNameRange     '1.4.1',
126 silly addNameRange     '1.4.2',
126 silly addNameRange     '1.5.1',
126 silly addNameRange     '1.6.0',
126 silly addNameRange     '1.6.1',
126 silly addNameRange     '1.6.2',
126 silly addNameRange     '1.6.3',
126 silly addNameRange     '1.6.4',
126 silly addNameRange     '1.7.0',
126 silly addNameRange     '1.8.0',
126 silly addNameRange     '1.8.1',
126 silly addNameRange     '1.8.2',
126 silly addNameRange     '1.8.3',
126 silly addNameRange     '1.8.4',
126 silly addNameRange     '1.8.5' ] ]
127 silly addNamed libpq@1.8.5
128 verbose addNamed "1.8.5" is a plain semver version for libpq
129 http 304 https://registry.npmjs.org/pg-types
130 verbose headers { date: 'Wed, 23 Nov 2016 04:57:42 GMT',
130 verbose headers   via: '1.1 varnish',
130 verbose headers   'cache-control': 'max-age=300',
130 verbose headers   etag: 'W/"571a65ca-4149"',
130 verbose headers   age: '53',
130 verbose headers   connection: 'keep-alive',
130 verbose headers   'x-served-by': 'cache-jfk8140-JFK',
130 verbose headers   'x-cache': 'HIT',
130 verbose headers   'x-cache-hits': '1',
130 verbose headers   'x-timer': 'S1479877062.734012,VS0,VE0',
130 verbose headers   vary: 'Accept-Encoding' }
131 silly get cb [ 304,
131 silly get   { date: 'Wed, 23 Nov 2016 04:57:42 GMT',
131 silly get     via: '1.1 varnish',
131 silly get     'cache-control': 'max-age=300',
131 silly get     etag: 'W/"571a65ca-4149"',
131 silly get     age: '53',
131 silly get     connection: 'keep-alive',
131 silly get     'x-served-by': 'cache-jfk8140-JFK',
131 silly get     'x-cache': 'HIT',
131 silly get     'x-cache-hits': '1',
131 silly get     'x-timer': 'S1479877062.734012,VS0,VE0',
131 silly get     vary: 'Accept-Encoding' } ]
132 verbose etag https://registry.npmjs.org/pg-types from cache
133 verbose get saving pg-types to C:\Users\ryans\AppData\Roaming\npm-cache\registry.npmjs.org\pg-types\.cache.json
134 verbose correctMkdir C:\Users\ryans\AppData\Roaming\npm-cache correctMkdir not in flight; initializing
135 silly mapToRegistry name libpq
136 silly mapToRegistry using default registry
137 silly mapToRegistry registry https://registry.npmjs.org/
138 silly mapToRegistry data Result {
138 silly mapToRegistry   raw: 'libpq',
138 silly mapToRegistry   scope: null,
138 silly mapToRegistry   escapedName: 'libpq',
138 silly mapToRegistry   name: 'libpq',
138 silly mapToRegistry   rawSpec: '',
138 silly mapToRegistry   spec: 'latest',
138 silly mapToRegistry   type: 'tag' }
139 silly mapToRegistry uri https://registry.npmjs.org/libpq
140 verbose addRemoteTarball https://registry.npmjs.org/libpq/-/libpq-1.8.5.tgz not in flight; adding
141 verbose addRemoteTarball [ 'https://registry.npmjs.org/libpq/-/libpq-1.8.5.tgz',
141 verbose addRemoteTarball   '9ef5bb509e1658908c19474088031db3dc7d4e48' ]
142 info retry fetch attempt 1 at 11:57:42 PM
143 info attempt registry request try #1 at 11:57:42 PM
144 http fetch GET https://registry.npmjs.org/libpq/-/libpq-1.8.5.tgz
145 http 200 https://registry.npmjs.org/readable-stream
146 verbose headers { server: 'nginx/1.10.1',
146 verbose headers   'content-type': 'application/json',
146 verbose headers   'last-modified': 'Tue, 22 Nov 2016 12:47:38 GMT',
146 verbose headers   etag: 'W/"58343e6a-12397"',
146 verbose headers   'content-encoding': 'gzip',
146 verbose headers   'cache-control': 'max-age=300',
146 verbose headers   'content-length': '7710',
146 verbose headers   'accept-ranges': 'bytes',
146 verbose headers   date: 'Wed, 23 Nov 2016 04:57:42 GMT',
146 verbose headers   via: '1.1 varnish',
146 verbose headers   age: '62',
146 verbose headers   connection: 'keep-alive',
146 verbose headers   'x-served-by': 'cache-jfk8132-JFK',
146 verbose headers   'x-cache': 'HIT',
146 verbose headers   'x-cache-hits': '6',
146 verbose headers   'x-timer': 'S1479877062.759796,VS0,VE0',
146 verbose headers   vary: 'Accept-Encoding' }
147 silly get cb [ 200,
147 silly get   { server: 'nginx/1.10.1',
147 silly get     'content-type': 'application/json',
147 silly get     'last-modified': 'Tue, 22 Nov 2016 12:47:38 GMT',
147 silly get     etag: 'W/"58343e6a-12397"',
147 silly get     'content-encoding': 'gzip',
147 silly get     'cache-control': 'max-age=300',
147 silly get     'content-length': '7710',
147 silly get     'accept-ranges': 'bytes',
147 silly get     date: 'Wed, 23 Nov 2016 04:57:42 GMT',
147 silly get     via: '1.1 varnish',
147 silly get     age: '62',
147 silly get     connection: 'keep-alive',
147 silly get     'x-served-by': 'cache-jfk8132-JFK',
147 silly get     'x-cache': 'HIT',
147 silly get     'x-cache-hits': '6',
147 silly get     'x-timer': 'S1479877062.759796,VS0,VE0',
147 silly get     vary: 'Accept-Encoding' } ]
148 verbose get saving readable-stream to C:\Users\ryans\AppData\Roaming\npm-cache\registry.npmjs.org\readable-stream\.cache.json
149 verbose correctMkdir C:\Users\ryans\AppData\Roaming\npm-cache correctMkdir not in flight; initializing
150 http fetch 200 https://registry.npmjs.org/libpq/-/libpq-1.8.5.tgz
151 silly fetchAndShaCheck shasum 9ef5bb509e1658908c19474088031db3dc7d4e48
152 verbose addTmpTarball C:\Users\ryans\AppData\Local\Temp\npm-13548-6491f4ff\registry.npmjs.org\libpq\-\libpq-1.8.5.tgz not in flight; adding
153 verbose addTmpTarball already have metadata; skipping unpack for libpq@1.8.5
154 verbose correctMkdir C:\Users\ryans\AppData\Roaming\npm-cache correctMkdir not in flight; initializing
155 silly resolveWithNewModule readable-stream@1.0.31 checking installable status
156 silly cache add args [ 'readable-stream@1.0.31', null ]
157 verbose cache add spec readable-stream@1.0.31
158 silly cache add parsed spec Result {
158 silly cache add   raw: 'readable-stream@1.0.31',
158 silly cache add   scope: null,
158 silly cache add   escapedName: 'readable-stream',
158 silly cache add   name: 'readable-stream',
158 silly cache add   rawSpec: '1.0.31',
158 silly cache add   spec: '1.0.31',
158 silly cache add   type: 'version' }
159 silly addNamed readable-stream@1.0.31
160 verbose addNamed "1.0.31" is a plain semver version for readable-stream
161 silly mapToRegistry name readable-stream
162 silly mapToRegistry using default registry
163 silly mapToRegistry registry https://registry.npmjs.org/
164 silly mapToRegistry data Result {
164 silly mapToRegistry   raw: 'readable-stream',
164 silly mapToRegistry   scope: null,
164 silly mapToRegistry   escapedName: 'readable-stream',
164 silly mapToRegistry   name: 'readable-stream',
164 silly mapToRegistry   rawSpec: '',
164 silly mapToRegistry   spec: 'latest',
164 silly mapToRegistry   type: 'tag' }
165 silly mapToRegistry uri https://registry.npmjs.org/readable-stream
166 verbose addNameVersion registry:https://registry.npmjs.org/readable-stream not in flight; fetching
167 silly resolveWithNewModule pg-types@1.6.0 checking installable status
168 silly cache add args [ 'pg-types@1.6.0', null ]
169 verbose cache add spec pg-types@1.6.0
170 silly cache add parsed spec Result {
170 silly cache add   raw: 'pg-types@1.6.0',
170 silly cache add   scope: null,
170 silly cache add   escapedName: 'pg-types',
170 silly cache add   name: 'pg-types',
170 silly cache add   rawSpec: '1.6.0',
170 silly cache add   spec: '1.6.0',
170 silly cache add   type: 'version' }
171 silly addNamed pg-types@1.6.0
172 verbose addNamed "1.6.0" is a plain semver version for pg-types
173 silly mapToRegistry name pg-types
174 silly mapToRegistry using default registry
175 silly mapToRegistry registry https://registry.npmjs.org/
176 silly mapToRegistry data Result {
176 silly mapToRegistry   raw: 'pg-types',
176 silly mapToRegistry   scope: null,
176 silly mapToRegistry   escapedName: 'pg-types',
176 silly mapToRegistry   name: 'pg-types',
176 silly mapToRegistry   rawSpec: '',
176 silly mapToRegistry   spec: 'latest',
176 silly mapToRegistry   type: 'tag' }
177 silly mapToRegistry uri https://registry.npmjs.org/pg-types
178 verbose addNameVersion registry:https://registry.npmjs.org/pg-types not in flight; fetching
179 verbose get https://registry.npmjs.org/pg-types not expired, no request
180 silly mapToRegistry name pg-types
181 silly mapToRegistry using default registry
182 silly mapToRegistry registry https://registry.npmjs.org/
183 silly mapToRegistry data Result {
183 silly mapToRegistry   raw: 'pg-types',
183 silly mapToRegistry   scope: null,
183 silly mapToRegistry   escapedName: 'pg-types',
183 silly mapToRegistry   name: 'pg-types',
183 silly mapToRegistry   rawSpec: '',
183 silly mapToRegistry   spec: 'latest',
183 silly mapToRegistry   type: 'tag' }
184 silly mapToRegistry uri https://registry.npmjs.org/pg-types
185 verbose addRemoteTarball https://registry.npmjs.org/pg-types/-/pg-types-1.6.0.tgz not in flight; adding
186 verbose addRemoteTarball [ 'https://registry.npmjs.org/pg-types/-/pg-types-1.6.0.tgz',
186 verbose addRemoteTarball   '3872a0f199143025497f4ee2a65fdaf00d7ea8b3' ]
187 info retry fetch attempt 1 at 11:57:42 PM
188 info attempt registry request try #1 at 11:57:42 PM
189 http fetch GET https://registry.npmjs.org/pg-types/-/pg-types-1.6.0.tgz
190 silly cache afterAdd libpq@1.8.5
191 verbose afterAdd C:\Users\ryans\AppData\Roaming\npm-cache\libpq\1.8.5\package\package.json not in flight; writing
192 verbose correctMkdir C:\Users\ryans\AppData\Roaming\npm-cache correctMkdir not in flight; initializing
193 http fetch 200 https://registry.npmjs.org/pg-types/-/pg-types-1.6.0.tgz
194 silly fetchAndShaCheck shasum 3872a0f199143025497f4ee2a65fdaf00d7ea8b3
195 verbose afterAdd C:\Users\ryans\AppData\Roaming\npm-cache\libpq\1.8.5\package\package.json written
196 verbose get https://registry.npmjs.org/readable-stream not expired, no request
197 verbose addTmpTarball C:\Users\ryans\AppData\Local\Temp\npm-13548-6491f4ff\registry.npmjs.org\pg-types\-\pg-types-1.6.0.tgz not in flight; adding
198 verbose addTmpTarball already have metadata; skipping unpack for pg-types@1.6.0
199 verbose correctMkdir C:\Users\ryans\AppData\Roaming\npm-cache correctMkdir not in flight; initializing
200 silly mapToRegistry name readable-stream
201 silly mapToRegistry using default registry
202 silly mapToRegistry registry https://registry.npmjs.org/
203 silly mapToRegistry data Result {
203 silly mapToRegistry   raw: 'readable-stream',
203 silly mapToRegistry   scope: null,
203 silly mapToRegistry   escapedName: 'readable-stream',
203 silly mapToRegistry   name: 'readable-stream',
203 silly mapToRegistry   rawSpec: '',
203 silly mapToRegistry   spec: 'latest',
203 silly mapToRegistry   type: 'tag' }
204 silly mapToRegistry uri https://registry.npmjs.org/readable-stream
205 verbose addRemoteTarball https://registry.npmjs.org/readable-stream/-/readable-stream-1.0.31.tgz not in flight; adding
206 verbose addRemoteTarball [ 'https://registry.npmjs.org/readable-stream/-/readable-stream-1.0.31.tgz',
206 verbose addRemoteTarball   '8f2502e0bc9e3b0da1b94520aabb4e2603ecafae' ]
207 info retry fetch attempt 1 at 11:57:42 PM
208 info attempt registry request try #1 at 11:57:42 PM
209 http fetch GET https://registry.npmjs.org/readable-stream/-/readable-stream-1.0.31.tgz
210 silly cache afterAdd pg-types@1.6.0
211 verbose afterAdd C:\Users\ryans\AppData\Roaming\npm-cache\pg-types\1.6.0\package\package.json not in flight; writing
212 verbose correctMkdir C:\Users\ryans\AppData\Roaming\npm-cache correctMkdir not in flight; initializing
213 http fetch 200 https://registry.npmjs.org/readable-stream/-/readable-stream-1.0.31.tgz
214 verbose afterAdd C:\Users\ryans\AppData\Roaming\npm-cache\pg-types\1.6.0\package\package.json written
215 silly fetchAndShaCheck shasum 8f2502e0bc9e3b0da1b94520aabb4e2603ecafae
216 verbose addTmpTarball C:\Users\ryans\AppData\Local\Temp\npm-13548-6491f4ff\registry.npmjs.org\readable-stream\-\readable-stream-1.0.31.tgz not in flight; adding
217 verbose addTmpTarball already have metadata; skipping unpack for readable-stream@1.0.31
218 verbose correctMkdir C:\Users\ryans\AppData\Roaming\npm-cache correctMkdir not in flight; initializing
219 silly cache afterAdd readable-stream@1.0.31
220 verbose afterAdd C:\Users\ryans\AppData\Roaming\npm-cache\readable-stream\1.0.31\package\package.json not in flight; writing
221 verbose correctMkdir C:\Users\ryans\AppData\Roaming\npm-cache correctMkdir not in flight; initializing
222 verbose afterAdd C:\Users\ryans\AppData\Roaming\npm-cache\readable-stream\1.0.31\package\package.json written
223 silly fetchNamedPackageData nan
224 silly mapToRegistry name nan
225 silly mapToRegistry using default registry
226 silly mapToRegistry registry https://registry.npmjs.org/
227 silly mapToRegistry data Result {
227 silly mapToRegistry   raw: 'nan',
227 silly mapToRegistry   scope: null,
227 silly mapToRegistry   escapedName: 'nan',
227 silly mapToRegistry   name: 'nan',
227 silly mapToRegistry   rawSpec: '',
227 silly mapToRegistry   spec: 'latest',
227 silly mapToRegistry   type: 'tag' }
228 silly mapToRegistry uri https://registry.npmjs.org/nan
229 silly fetchNamedPackageData bindings
230 silly mapToRegistry name bindings
231 silly mapToRegistry using default registry
232 silly mapToRegistry registry https://registry.npmjs.org/
233 silly mapToRegistry data Result {
233 silly mapToRegistry   raw: 'bindings',
233 silly mapToRegistry   scope: null,
233 silly mapToRegistry   escapedName: 'bindings',
233 silly mapToRegistry   name: 'bindings',
233 silly mapToRegistry   rawSpec: '',
233 silly mapToRegistry   spec: 'latest',
233 silly mapToRegistry   type: 'tag' }
234 silly mapToRegistry uri https://registry.npmjs.org/bindings
235 verbose request uri https://registry.npmjs.org/nan
236 verbose request no auth needed
237 info attempt registry request try #1 at 11:57:42 PM
238 http request GET https://registry.npmjs.org/nan
239 verbose request uri https://registry.npmjs.org/bindings
240 verbose request no auth needed
241 info attempt registry request try #1 at 11:57:42 PM
242 http request GET https://registry.npmjs.org/bindings
243 http 200 https://registry.npmjs.org/bindings
244 verbose headers { server: 'nginx/1.10.1',
244 verbose headers   'content-type': 'application/json',
244 verbose headers   'last-modified': 'Tue, 18 Oct 2016 15:54:59 GMT',
244 verbose headers   etag: 'W/"580645d3-46f7"',
244 verbose headers   'content-encoding': 'gzip',
244 verbose headers   'cache-control': 'max-age=300',
244 verbose headers   'content-length': '3493',
244 verbose headers   'accept-ranges': 'bytes',
244 verbose headers   date: 'Wed, 23 Nov 2016 04:57:43 GMT',
244 verbose headers   via: '1.1 varnish',
244 verbose headers   age: '285',
244 verbose headers   connection: 'keep-alive',
244 verbose headers   'x-served-by': 'cache-jfk8140-JFK',
244 verbose headers   'x-cache': 'HIT',
244 verbose headers   'x-cache-hits': '1',
244 verbose headers   'x-timer': 'S1479877063.175988,VS0,VE0',
244 verbose headers   vary: 'Accept-Encoding' }
245 silly get cb [ 200,
245 silly get   { server: 'nginx/1.10.1',
245 silly get     'content-type': 'application/json',
245 silly get     'last-modified': 'Tue, 18 Oct 2016 15:54:59 GMT',
245 silly get     etag: 'W/"580645d3-46f7"',
245 silly get     'content-encoding': 'gzip',
245 silly get     'cache-control': 'max-age=300',
245 silly get     'content-length': '3493',
245 silly get     'accept-ranges': 'bytes',
245 silly get     date: 'Wed, 23 Nov 2016 04:57:43 GMT',
245 silly get     via: '1.1 varnish',
245 silly get     age: '285',
245 silly get     connection: 'keep-alive',
245 silly get     'x-served-by': 'cache-jfk8140-JFK',
245 silly get     'x-cache': 'HIT',
245 silly get     'x-cache-hits': '1',
245 silly get     'x-timer': 'S1479877063.175988,VS0,VE0',
245 silly get     vary: 'Accept-Encoding' } ]
246 verbose get saving bindings to C:\Users\ryans\AppData\Roaming\npm-cache\registry.npmjs.org\bindings\.cache.json
247 verbose correctMkdir C:\Users\ryans\AppData\Roaming\npm-cache correctMkdir not in flight; initializing
248 http 200 https://registry.npmjs.org/nan
249 verbose headers { server: 'nginx/1.10.1',
249 verbose headers   'content-type': 'application/json',
249 verbose headers   'last-modified': 'Tue, 01 Nov 2016 17:56:25 GMT',
249 verbose headers   etag: 'W/"5818d749-1ce1e"',
249 verbose headers   'content-encoding': 'gzip',
249 verbose headers   'cache-control': 'max-age=300',
249 verbose headers   'content-length': '14063',
249 verbose headers   'accept-ranges': 'bytes',
249 verbose headers   date: 'Wed, 23 Nov 2016 04:57:43 GMT',
249 verbose headers   via: '1.1 varnish',
249 verbose headers   age: '0',
249 verbose headers   connection: 'keep-alive',
249 verbose headers   'x-served-by': 'cache-jfk8138-JFK',
249 verbose headers   'x-cache': 'HIT',
249 verbose headers   'x-cache-hits': '1',
249 verbose headers   'x-timer': 'S1479877063.176027,VS0,VE7',
249 verbose headers   vary: 'Accept-Encoding' }
250 silly get cb [ 200,
250 silly get   { server: 'nginx/1.10.1',
250 silly get     'content-type': 'application/json',
250 silly get     'last-modified': 'Tue, 01 Nov 2016 17:56:25 GMT',
250 silly get     etag: 'W/"5818d749-1ce1e"',
250 silly get     'content-encoding': 'gzip',
250 silly get     'cache-control': 'max-age=300',
250 silly get     'content-length': '14063',
250 silly get     'accept-ranges': 'bytes',
250 silly get     date: 'Wed, 23 Nov 2016 04:57:43 GMT',
250 silly get     via: '1.1 varnish',
250 silly get     age: '0',
250 silly get     connection: 'keep-alive',
250 silly get     'x-served-by': 'cache-jfk8138-JFK',
250 silly get     'x-cache': 'HIT',
250 silly get     'x-cache-hits': '1',
250 silly get     'x-timer': 'S1479877063.176027,VS0,VE7',
250 silly get     vary: 'Accept-Encoding' } ]
251 verbose get saving nan to C:\Users\ryans\AppData\Roaming\npm-cache\registry.npmjs.org\nan\.cache.json
252 verbose correctMkdir C:\Users\ryans\AppData\Roaming\npm-cache correctMkdir not in flight; initializing
253 silly resolveWithNewModule bindings@1.2.1 checking installable status
254 silly cache add args [ 'bindings@1.2.1', null ]
255 verbose cache add spec bindings@1.2.1
256 silly cache add parsed spec Result {
256 silly cache add   raw: 'bindings@1.2.1',
256 silly cache add   scope: null,
256 silly cache add   escapedName: 'bindings',
256 silly cache add   name: 'bindings',
256 silly cache add   rawSpec: '1.2.1',
256 silly cache add   spec: '1.2.1',
256 silly cache add   type: 'version' }
257 silly addNamed bindings@1.2.1
258 verbose addNamed "1.2.1" is a plain semver version for bindings
259 silly mapToRegistry name bindings
260 silly mapToRegistry using default registry
261 silly mapToRegistry registry https://registry.npmjs.org/
262 silly mapToRegistry data Result {
262 silly mapToRegistry   raw: 'bindings',
262 silly mapToRegistry   scope: null,
262 silly mapToRegistry   escapedName: 'bindings',
262 silly mapToRegistry   name: 'bindings',
262 silly mapToRegistry   rawSpec: '',
262 silly mapToRegistry   spec: 'latest',
262 silly mapToRegistry   type: 'tag' }
263 silly mapToRegistry uri https://registry.npmjs.org/bindings
264 verbose addNameVersion registry:https://registry.npmjs.org/bindings not in flight; fetching
265 verbose get https://registry.npmjs.org/bindings not expired, no request
266 silly resolveWithNewModule nan@2.4.0 checking installable status
267 silly cache add args [ 'nan@^2.3.0', null ]
268 verbose cache add spec nan@^2.3.0
269 silly cache add parsed spec Result {
269 silly cache add   raw: 'nan@^2.3.0',
269 silly cache add   scope: null,
269 silly cache add   escapedName: 'nan',
269 silly cache add   name: 'nan',
269 silly cache add   rawSpec: '^2.3.0',
269 silly cache add   spec: '>=2.3.0 <3.0.0',
269 silly cache add   type: 'range' }
270 silly addNamed nan@>=2.3.0 <3.0.0
271 verbose addNamed ">=2.3.0 <3.0.0" is a valid semver range for nan
272 silly addNameRange { name: 'nan', range: '>=2.3.0 <3.0.0', hasData: false }
273 silly mapToRegistry name nan
274 silly mapToRegistry using default registry
275 silly mapToRegistry registry https://registry.npmjs.org/
276 silly mapToRegistry data Result {
276 silly mapToRegistry   raw: 'nan',
276 silly mapToRegistry   scope: null,
276 silly mapToRegistry   escapedName: 'nan',
276 silly mapToRegistry   name: 'nan',
276 silly mapToRegistry   rawSpec: '',
276 silly mapToRegistry   spec: 'latest',
276 silly mapToRegistry   type: 'tag' }
277 silly mapToRegistry uri https://registry.npmjs.org/nan
278 verbose addNameRange registry:https://registry.npmjs.org/nan not in flight; fetching
279 silly mapToRegistry name bindings
280 silly mapToRegistry using default registry
281 silly mapToRegistry registry https://registry.npmjs.org/
282 silly mapToRegistry data Result {
282 silly mapToRegistry   raw: 'bindings',
282 silly mapToRegistry   scope: null,
282 silly mapToRegistry   escapedName: 'bindings',
282 silly mapToRegistry   name: 'bindings',
282 silly mapToRegistry   rawSpec: '',
282 silly mapToRegistry   spec: 'latest',
282 silly mapToRegistry   type: 'tag' }
283 silly mapToRegistry uri https://registry.npmjs.org/bindings
284 verbose addRemoteTarball https://registry.npmjs.org/bindings/-/bindings-1.2.1.tgz not in flight; adding
285 verbose addRemoteTarball [ 'https://registry.npmjs.org/bindings/-/bindings-1.2.1.tgz',
285 verbose addRemoteTarball   '14ad6113812d2d37d72e67b4cacb4bb726505f11' ]
286 verbose get https://registry.npmjs.org/nan not expired, no request
287 silly addNameRange number 2 { name: 'nan', range: '>=2.3.0 <3.0.0', hasData: true }
288 silly addNameRange versions [ 'nan',
288 silly addNameRange   [ '0.3.0-wip',
288 silly addNameRange     '0.3.0-wip2',
288 silly addNameRange     '0.3.0',
288 silly addNameRange     '0.3.1',
288 silly addNameRange     '0.3.2',
288 silly addNameRange     '0.4.0',
288 silly addNameRange     '0.4.1',
288 silly addNameRange     '0.4.2',
288 silly addNameRange     '0.4.3',
288 silly addNameRange     '0.4.4',
288 silly addNameRange     '0.5.0',
288 silly addNameRange     '0.5.1',
288 silly addNameRange     '0.5.2',
288 silly addNameRange     '0.6.0',
288 silly addNameRange     '0.7.0',
288 silly addNameRange     '0.7.1',
288 silly addNameRange     '0.8.0',
288 silly addNameRange     '1.0.0',
288 silly addNameRange     '1.1.0',
288 silly addNameRange     '1.1.1',
288 silly addNameRange     '1.1.2',
288 silly addNameRange     '1.2.0',
288 silly addNameRange     '1.3.0',
288 silly addNameRange     '1.4.0',
288 silly addNameRange     '1.4.1',
288 silly addNameRange     '1.5.0',
288 silly addNameRange     '1.4.2',
288 silly addNameRange     '1.4.3',
288 silly addNameRange     '1.5.1',
288 silly addNameRange     '1.5.2',
288 silly addNameRange     '1.6.0',
288 silly addNameRange     '1.5.3',
288 silly addNameRange     '1.6.1',
288 silly addNameRange     '1.6.2',
288 silly addNameRange     '1.7.0',
288 silly addNameRange     '1.8.0',
288 silly addNameRange     '1.8.1',
288 silly addNameRange     '1.8.2',
288 silly addNameRange     '1.8.3',
288 silly addNameRange     '1.8.4',
288 silly addNameRange     '1.9.0',
288 silly addNameRange     '2.0.0',
288 silly addNameRange     '2.0.1',
288 silly addNameRange     '2.0.2',
288 silly addNameRange     '2.0.3',
288 silly addNameRange     '2.0.4',
288 silly addNameRange     '2.0.5',
288 silly addNameRange     '2.0.6',
288 silly addNameRange     '2.0.7',
288 silly addNameRange     '2.0.8',
288 silly addNameRange     '2.0.9',
288 silly addNameRange     '2.1.0',
288 silly addNameRange     '2.2.0',
288 silly addNameRange     '2.2.1',
288 silly addNameRange     '2.3.0',
288 silly addNameRange     '2.3.1',
288 silly addNameRange     '2.3.2',
288 silly addNameRange     '2.3.3',
288 silly addNameRange     '2.3.4',
288 silly addNameRange     '2.3.5',
288 silly addNameRange     '2.4.0' ] ]
289 silly addNamed nan@2.4.0
290 verbose addNamed "2.4.0" is a plain semver version for nan
291 silly mapToRegistry name nan
292 silly mapToRegistry using default registry
293 silly mapToRegistry registry https://registry.npmjs.org/
294 silly mapToRegistry data Result {
294 silly mapToRegistry   raw: 'nan',
294 silly mapToRegistry   scope: null,
294 silly mapToRegistry   escapedName: 'nan',
294 silly mapToRegistry   name: 'nan',
294 silly mapToRegistry   rawSpec: '',
294 silly mapToRegistry   spec: 'latest',
294 silly mapToRegistry   type: 'tag' }
295 silly mapToRegistry uri https://registry.npmjs.org/nan
296 verbose addRemoteTarball https://registry.npmjs.org/nan/-/nan-2.4.0.tgz not in flight; adding
297 verbose addRemoteTarball [ 'https://registry.npmjs.org/nan/-/nan-2.4.0.tgz',
297 verbose addRemoteTarball   'fb3c59d45fe4effe215f0b890f8adf6eb32d2232' ]
298 info retry fetch attempt 1 at 11:57:43 PM
299 info attempt registry request try #1 at 11:57:43 PM
300 http fetch GET https://registry.npmjs.org/bindings/-/bindings-1.2.1.tgz
301 info retry fetch attempt 1 at 11:57:43 PM
302 info attempt registry request try #1 at 11:57:43 PM
303 http fetch GET https://registry.npmjs.org/nan/-/nan-2.4.0.tgz
304 http fetch 200 https://registry.npmjs.org/bindings/-/bindings-1.2.1.tgz
305 silly fetchAndShaCheck shasum 14ad6113812d2d37d72e67b4cacb4bb726505f11
306 http fetch 200 https://registry.npmjs.org/nan/-/nan-2.4.0.tgz
307 verbose addTmpTarball C:\Users\ryans\AppData\Local\Temp\npm-13548-6491f4ff\registry.npmjs.org\bindings\-\bindings-1.2.1.tgz not in flight; adding
308 verbose addTmpTarball already have metadata; skipping unpack for bindings@1.2.1
309 verbose correctMkdir C:\Users\ryans\AppData\Roaming\npm-cache correctMkdir not in flight; initializing
310 silly cache afterAdd bindings@1.2.1
311 verbose afterAdd C:\Users\ryans\AppData\Roaming\npm-cache\bindings\1.2.1\package\package.json not in flight; writing
312 verbose correctMkdir C:\Users\ryans\AppData\Roaming\npm-cache correctMkdir not in flight; initializing
313 silly fetchAndShaCheck shasum fb3c59d45fe4effe215f0b890f8adf6eb32d2232
314 verbose afterAdd C:\Users\ryans\AppData\Roaming\npm-cache\bindings\1.2.1\package\package.json written
315 verbose addTmpTarball C:\Users\ryans\AppData\Local\Temp\npm-13548-6491f4ff\registry.npmjs.org\nan\-\nan-2.4.0.tgz not in flight; adding
316 verbose addTmpTarball already have metadata; skipping unpack for nan@2.4.0
317 verbose correctMkdir C:\Users\ryans\AppData\Roaming\npm-cache correctMkdir not in flight; initializing
318 silly cache afterAdd nan@2.4.0
319 verbose afterAdd C:\Users\ryans\AppData\Roaming\npm-cache\nan\2.4.0\package\package.json not in flight; writing
320 verbose correctMkdir C:\Users\ryans\AppData\Roaming\npm-cache correctMkdir not in flight; initializing
321 verbose afterAdd C:\Users\ryans\AppData\Roaming\npm-cache\nan\2.4.0\package\package.json written
322 silly loadAllDepsIntoIdealTree Finishing
323 silly loadIdealTree Finishing
324 silly currentTree bucketlist@1.0.0
324 silly currentTree +-- accepts@1.3.3
324 silly currentTree +-- amdefine@1.0.1
324 silly currentTree +-- ap@0.2.0
324 silly currentTree +-- argparse@0.1.16
324 silly currentTree +-- array-flatten@1.1.1
324 silly currentTree +-- asap@1.0.0
324 silly currentTree +-- async@0.2.10
324 silly currentTree +-- balanced-match@0.4.2
324 silly currentTree +-- base64-url@1.3.3
324 silly currentTree +-- basic-auth@1.0.4
324 silly currentTree +-- bcryptjs@2.3.0
324 silly currentTree +-- bignumber.js@2.4.0
324 silly currentTree +-- bluebird@3.4.6
324 silly currentTree +-- body-parser@1.15.2
324 silly currentTree +-- brace-expansion@1.1.6
324 silly currentTree +-- buffer-writer@1.0.1
324 silly currentTree +-- bytes@2.4.0
324 silly currentTree +-- clean-css@2.1.8
324 silly currentTree +-- commander@2.1.0
324 silly currentTree +-- concat-map@0.0.1
324 silly currentTree +-- connect-flash@0.1.1
324 silly currentTree +-- content-disposition@0.5.1
324 silly currentTree +-- content-type@1.0.2
324 silly currentTree +-- cookie-parser@1.4.3
324 silly currentTree +-- cookie-signature@1.0.6
324 silly currentTree +-- cookie@0.3.1
324 silly currentTree +-- core-util-is@1.0.2
324 silly currentTree +-- crc@3.4.1
324 silly currentTree +-- cross-env@3.1.3
324 silly currentTree +-- cross-spawn@3.0.1
324 silly currentTree | `-- lru-cache@4.0.1
324 silly currentTree +-- debug@2.2.0
324 silly currentTree +-- delims@0.1.4
324 silly currentTree +-- depd@1.1.0
324 silly currentTree +-- destroy@1.0.4
324 silly currentTree +-- dottie@1.1.1
324 silly currentTree +-- ee-first@1.1.1
324 silly currentTree +-- ejs@2.5.2
324 silly currentTree +-- encodeurl@1.0.1
324 silly currentTree +-- escape-html@1.0.3
324 silly currentTree +-- esprima@1.0.4
324 silly currentTree +-- etag@1.7.0
324 silly currentTree +-- express-handlebars@2.0.1
324 silly currentTree +-- express-session@1.14.2
324 silly currentTree +-- express@4.14.0
324 silly currentTree +-- finalhandler@0.5.0
324 silly currentTree +-- forwarded@0.1.0
324 silly currentTree +-- fresh@0.3.0
324 silly currentTree +-- fs-utils@0.3.10
324 silly currentTree | `-- graceful-fs@2.0.3
324 silly currentTree +-- generic-pool@2.4.2
324 silly currentTree +-- glob@5.0.15
324 silly currentTree +-- globule@0.2.0
324 silly currentTree | +-- glob@3.2.11
324 silly currentTree | | `-- minimatch@0.3.0
324 silly currentTree | `-- minimatch@0.2.14
324 silly currentTree +-- graceful-fs@3.0.11
324 silly currentTree +-- handlebars-helper-css@0.1.0
324 silly currentTree +-- handlebars@3.0.3
324 silly currentTree +-- http-errors@1.5.1
324 silly currentTree +-- iconv-lite@0.4.13
324 silly currentTree +-- inflection@1.10.0
324 silly currentTree +-- inflight@1.0.6
324 silly currentTree +-- inherits@2.0.3
324 silly currentTree +-- ipaddr.js@1.1.1
324 silly currentTree +-- isarray@0.0.1
324 silly currentTree +-- isexe@1.1.2
324 silly currentTree +-- js-yaml@3.0.2
324 silly currentTree +-- lodash@2.4.2
324 silly currentTree +-- lru-cache@2.7.3
324 silly currentTree +-- media-typer@0.3.0
324 silly currentTree +-- merge-descriptors@1.0.1
324 silly currentTree +-- method-override@2.3.6
324 silly currentTree +-- methods@1.1.2
324 silly currentTree +-- mime-db@1.25.0
324 silly currentTree +-- mime-types@2.1.13
324 silly currentTree +-- mime@1.3.4
324 silly currentTree +-- minimatch@3.0.3
324 silly currentTree +-- minimist@0.0.10
324 silly currentTree +-- mkdirp@0.3.5
324 silly currentTree +-- moment-timezone@0.5.9
324 silly currentTree +-- moment@2.16.0
324 silly currentTree +-- morgan@1.7.0
324 silly currentTree +-- ms@0.7.1
324 silly currentTree +-- mysql@2.12.0
324 silly currentTree +-- natives@1.1.0
324 silly currentTree +-- negotiator@0.6.1
324 silly currentTree +-- node-uuid@1.4.7
324 silly currentTree +-- normalize-path@0.1.1
324 silly currentTree +-- object-assign@4.1.0
324 silly currentTree +-- object-keys@1.0.11
324 silly currentTree +-- object.assign@1.1.1
324 silly currentTree +-- on-finished@2.3.0
324 silly currentTree +-- on-headers@1.0.1
324 silly currentTree +-- once@1.4.0
324 silly currentTree +-- optimist@0.6.1
324 silly currentTree +-- packet-reader@0.2.0
324 silly currentTree +-- parseurl@1.3.1
324 silly currentTree +-- passport-local@1.0.0
324 silly currentTree +-- passport-strategy@1.0.0
324 silly currentTree +-- passport@0.3.2
324 silly currentTree +-- path-is-absolute@1.0.1
324 silly currentTree +-- path-to-regexp@0.1.7
324 silly currentTree +-- pause@0.0.1
324 silly currentTree +-- pg-connection-string@0.1.3
324 silly currentTree +-- pg-hstore@2.3.2
324 silly currentTree +-- pg-pool@1.5.0
324 silly currentTree +-- pg-types@1.11.0
324 silly currentTree +-- pg@6.1.0
324 silly currentTree | `-- semver@4.3.2
324 silly currentTree +-- pgpass@1.0.1
324 silly currentTree +-- postgres-array@1.0.0
324 silly currentTree +-- postgres-bytea@1.0.0
324 silly currentTree +-- postgres-date@1.0.3
324 silly currentTree +-- postgres-interval@1.0.2
324 silly currentTree +-- promise@6.1.0
324 silly currentTree +-- proxy-addr@1.1.2
324 silly currentTree +-- pseudomap@1.0.2
324 silly currentTree +-- qs@6.2.0
324 silly currentTree +-- random-bytes@1.0.0
324 silly currentTree +-- range-parser@1.2.0
324 silly currentTree +-- raw-body@2.1.7
324 silly currentTree +-- readable-stream@1.1.14
324 silly currentTree +-- relative@0.1.6
324 silly currentTree +-- retry-as-promised@2.2.0
324 silly currentTree +-- rimraf@2.2.8
324 silly currentTree +-- semver@5.3.0
324 silly currentTree +-- send@0.14.1
324 silly currentTree +-- sequelize@3.27.0
324 silly currentTree | `-- lodash@4.12.0
324 silly currentTree +-- serve-static@1.11.1
324 silly currentTree +-- setprototypeof@1.0.2
324 silly currentTree +-- shimmer@1.1.0
324 silly currentTree +-- sigmund@1.0.1
324 silly currentTree +-- source-map@0.1.43
324 silly currentTree +-- split@1.0.0
324 silly currentTree +-- sqlstring@2.2.0
324 silly currentTree +-- statuses@1.3.1
324 silly currentTree +-- string_decoder@0.10.31
324 silly currentTree +-- template@0.1.8
324 silly currentTree | +-- async@0.6.2
324 silly currentTree | +-- fs-utils@0.4.3
324 silly currentTree | +-- graceful-fs@2.0.3
324 silly currentTree | `-- underscore.string@2.3.3
324 silly currentTree +-- terraformer-wkt-parser@1.1.2
324 silly currentTree +-- terraformer@1.0.7
324 silly currentTree +-- through@2.3.8
324 silly currentTree +-- toposort-class@1.0.1
324 silly currentTree +-- type-is@1.6.14
324 silly currentTree +-- uglify-js@2.3.6
324 silly currentTree | `-- optimist@0.3.7
324 silly currentTree +-- uid-safe@2.1.3
324 silly currentTree +-- underscore.string@2.4.0
324 silly currentTree +-- underscore@1.7.0
324 silly currentTree +-- unpipe@1.0.0
324 silly currentTree +-- utils-merge@1.0.0
324 silly currentTree +-- validator@5.7.0
324 silly currentTree +-- vary@1.1.0
324 silly currentTree +-- which@1.2.12
324 silly currentTree +-- wkx@0.2.0
324 silly currentTree +-- wordwrap@0.0.3
324 silly currentTree +-- wrappy@1.0.2
324 silly currentTree +-- xtend@4.0.1
324 silly currentTree `-- yallist@2.0.0
325 silly idealTree bucketlist@1.0.0
325 silly idealTree +-- accepts@1.3.3
325 silly idealTree +-- amdefine@1.0.1
325 silly idealTree +-- ap@0.2.0
325 silly idealTree +-- argparse@0.1.16
325 silly idealTree +-- array-flatten@1.1.1
325 silly idealTree +-- asap@1.0.0
325 silly idealTree +-- async@0.2.10
325 silly idealTree +-- balanced-match@0.4.2
325 silly idealTree +-- base64-url@1.3.3
325 silly idealTree +-- basic-auth@1.0.4
325 silly idealTree +-- bcryptjs@2.3.0
325 silly idealTree +-- bignumber.js@2.4.0
325 silly idealTree +-- bindings@1.2.1
325 silly idealTree +-- bluebird@3.4.6
325 silly idealTree +-- body-parser@1.15.2
325 silly idealTree +-- brace-expansion@1.1.6
325 silly idealTree +-- buffer-writer@1.0.1
325 silly idealTree +-- bytes@2.4.0
325 silly idealTree +-- clean-css@2.1.8
325 silly idealTree +-- commander@2.1.0
325 silly idealTree +-- concat-map@0.0.1
325 silly idealTree +-- connect-flash@0.1.1
325 silly idealTree +-- content-disposition@0.5.1
325 silly idealTree +-- content-type@1.0.2
325 silly idealTree +-- cookie-parser@1.4.3
325 silly idealTree +-- cookie-signature@1.0.6
325 silly idealTree +-- cookie@0.3.1
325 silly idealTree +-- core-util-is@1.0.2
325 silly idealTree +-- crc@3.4.1
325 silly idealTree +-- cross-env@3.1.3
325 silly idealTree +-- cross-spawn@3.0.1
325 silly idealTree | `-- lru-cache@4.0.1
325 silly idealTree +-- debug@2.2.0
325 silly idealTree +-- delims@0.1.4
325 silly idealTree +-- depd@1.1.0
325 silly idealTree +-- destroy@1.0.4
325 silly idealTree +-- dottie@1.1.1
325 silly idealTree +-- ee-first@1.1.1
325 silly idealTree +-- ejs@2.5.2
325 silly idealTree +-- encodeurl@1.0.1
325 silly idealTree +-- escape-html@1.0.3
325 silly idealTree +-- esprima@1.0.4
325 silly idealTree +-- etag@1.7.0
325 silly idealTree +-- express-handlebars@2.0.1
325 silly idealTree +-- express-session@1.14.2
325 silly idealTree +-- express@4.14.0
325 silly idealTree +-- finalhandler@0.5.0
325 silly idealTree +-- forwarded@0.1.0
325 silly idealTree +-- fresh@0.3.0
325 silly idealTree +-- fs-utils@0.3.10
325 silly idealTree | `-- graceful-fs@2.0.3
325 silly idealTree +-- generic-pool@2.4.2
325 silly idealTree +-- glob@5.0.15
325 silly idealTree +-- globule@0.2.0
325 silly idealTree | +-- glob@3.2.11
325 silly idealTree | | `-- minimatch@0.3.0
325 silly idealTree | `-- minimatch@0.2.14
325 silly idealTree +-- graceful-fs@3.0.11
325 silly idealTree +-- handlebars-helper-css@0.1.0
325 silly idealTree +-- handlebars@3.0.3
325 silly idealTree +-- http-errors@1.5.1
325 silly idealTree +-- iconv-lite@0.4.13
325 silly idealTree +-- inflection@1.10.0
325 silly idealTree +-- inflight@1.0.6
325 silly idealTree +-- inherits@2.0.3
325 silly idealTree +-- ipaddr.js@1.1.1
325 silly idealTree +-- isarray@0.0.1
325 silly idealTree +-- isexe@1.1.2
325 silly idealTree +-- js-yaml@3.0.2
325 silly idealTree +-- libpq@1.8.5
325 silly idealTree +-- lodash@2.4.2
325 silly idealTree +-- lru-cache@2.7.3
325 silly idealTree +-- media-typer@0.3.0
325 silly idealTree +-- merge-descriptors@1.0.1
325 silly idealTree +-- method-override@2.3.6
325 silly idealTree +-- methods@1.1.2
325 silly idealTree +-- mime-db@1.25.0
325 silly idealTree +-- mime-types@2.1.13
325 silly idealTree +-- mime@1.3.4
325 silly idealTree +-- minimatch@3.0.3
325 silly idealTree +-- minimist@0.0.10
325 silly idealTree +-- mkdirp@0.3.5
325 silly idealTree +-- moment-timezone@0.5.9
325 silly idealTree +-- moment@2.16.0
325 silly idealTree +-- morgan@1.7.0
325 silly idealTree +-- ms@0.7.1
325 silly idealTree +-- mysql@2.12.0
325 silly idealTree +-- nan@2.4.0
325 silly idealTree +-- natives@1.1.0
325 silly idealTree +-- negotiator@0.6.1
325 silly idealTree +-- node-uuid@1.4.7
325 silly idealTree +-- normalize-path@0.1.1
325 silly idealTree +-- object-assign@4.1.0
325 silly idealTree +-- object-keys@1.0.11
325 silly idealTree +-- object.assign@1.1.1
325 silly idealTree +-- on-finished@2.3.0
325 silly idealTree +-- on-headers@1.0.1
325 silly idealTree +-- once@1.4.0
325 silly idealTree +-- optimist@0.6.1
325 silly idealTree +-- packet-reader@0.2.0
325 silly idealTree +-- parseurl@1.3.1
325 silly idealTree +-- passport-local@1.0.0
325 silly idealTree +-- passport-strategy@1.0.0
325 silly idealTree +-- passport@0.3.2
325 silly idealTree +-- path-is-absolute@1.0.1
325 silly idealTree +-- path-to-regexp@0.1.7
325 silly idealTree +-- pause@0.0.1
325 silly idealTree +-- pg-connection-string@0.1.3
325 silly idealTree +-- pg-hstore@2.3.2
325 silly idealTree +-- pg-native@1.10.0
325 silly idealTree | +-- pg-types@1.6.0
325 silly idealTree | `-- readable-stream@1.0.31
325 silly idealTree +-- pg-pool@1.5.0
325 silly idealTree +-- pg-types@1.11.0
325 silly idealTree +-- pg@6.1.0
325 silly idealTree | `-- semver@4.3.2
325 silly idealTree +-- pgpass@1.0.1
325 silly idealTree +-- postgres-array@1.0.0
325 silly idealTree +-- postgres-bytea@1.0.0
325 silly idealTree +-- postgres-date@1.0.3
325 silly idealTree +-- postgres-interval@1.0.2
325 silly idealTree +-- promise@6.1.0
325 silly idealTree +-- proxy-addr@1.1.2
325 silly idealTree +-- pseudomap@1.0.2
325 silly idealTree +-- qs@6.2.0
325 silly idealTree +-- random-bytes@1.0.0
325 silly idealTree +-- range-parser@1.2.0
325 silly idealTree +-- raw-body@2.1.7
325 silly idealTree +-- readable-stream@1.1.14
325 silly idealTree +-- relative@0.1.6
325 silly idealTree +-- retry-as-promised@2.2.0
325 silly idealTree +-- rimraf@2.2.8
325 silly idealTree +-- semver@5.3.0
325 silly idealTree +-- send@0.14.1
325 silly idealTree +-- sequelize@3.27.0
325 silly idealTree | `-- lodash@4.12.0
325 silly idealTree +-- serve-static@1.11.1
325 silly idealTree +-- setprototypeof@1.0.2
325 silly idealTree +-- shimmer@1.1.0
325 silly idealTree +-- sigmund@1.0.1
325 silly idealTree +-- source-map@0.1.43
325 silly idealTree +-- split@1.0.0
325 silly idealTree +-- sqlstring@2.2.0
325 silly idealTree +-- statuses@1.3.1
325 silly idealTree +-- string_decoder@0.10.31
325 silly idealTree +-- template@0.1.8
325 silly idealTree | +-- async@0.6.2
325 silly idealTree | +-- fs-utils@0.4.3
325 silly idealTree | +-- graceful-fs@2.0.3
325 silly idealTree | `-- underscore.string@2.3.3
325 silly idealTree +-- terraformer-wkt-parser@1.1.2
325 silly idealTree +-- terraformer@1.0.7
325 silly idealTree +-- through@2.3.8
325 silly idealTree +-- toposort-class@1.0.1
325 silly idealTree +-- type-is@1.6.14
325 silly idealTree +-- uglify-js@2.3.6
325 silly idealTree | `-- optimist@0.3.7
325 silly idealTree +-- uid-safe@2.1.3
325 silly idealTree +-- underscore.string@2.4.0
325 silly idealTree +-- underscore@1.7.0
325 silly idealTree +-- unpipe@1.0.0
325 silly idealTree +-- utils-merge@1.0.0
325 silly idealTree +-- validator@5.7.0
325 silly idealTree +-- vary@1.1.0
325 silly idealTree +-- which@1.2.12
325 silly idealTree +-- wkx@0.2.0
325 silly idealTree +-- wordwrap@0.0.3
325 silly idealTree +-- wrappy@1.0.2
325 silly idealTree +-- xtend@4.0.1
325 silly idealTree `-- yallist@2.0.0
326 silly generateActionsToTake Starting
327 silly install generateActionsToTake
328 silly generateActionsToTake Finishing
329 silly diffTrees action count 6
330 silly diffTrees add bindings@1.2.1
331 silly diffTrees add nan@2.4.0
332 silly diffTrees add libpq@1.8.5
333 silly diffTrees add pg-types@1.6.0
334 silly diffTrees add readable-stream@1.0.31
335 silly diffTrees add pg-native@1.10.0
336 silly decomposeActions action count 48
337 silly decomposeActions fetch bindings@1.2.1
338 silly decomposeActions extract bindings@1.2.1
339 silly decomposeActions test bindings@1.2.1
340 silly decomposeActions preinstall bindings@1.2.1
341 silly decomposeActions build bindings@1.2.1
342 silly decomposeActions install bindings@1.2.1
343 silly decomposeActions postinstall bindings@1.2.1
344 silly decomposeActions finalize bindings@1.2.1
345 silly decomposeActions fetch nan@2.4.0
346 silly decomposeActions extract nan@2.4.0
347 silly decomposeActions test nan@2.4.0
348 silly decomposeActions preinstall nan@2.4.0
349 silly decomposeActions build nan@2.4.0
350 silly decomposeActions install nan@2.4.0
351 silly decomposeActions postinstall nan@2.4.0
352 silly decomposeActions finalize nan@2.4.0
353 silly decomposeActions fetch libpq@1.8.5
354 silly decomposeActions extract libpq@1.8.5
355 silly decomposeActions test libpq@1.8.5
356 silly decomposeActions preinstall libpq@1.8.5
357 silly decomposeActions build libpq@1.8.5
358 silly decomposeActions install libpq@1.8.5
359 silly decomposeActions postinstall libpq@1.8.5
360 silly decomposeActions finalize libpq@1.8.5
361 silly decomposeActions fetch pg-types@1.6.0
362 silly decomposeActions extract pg-types@1.6.0
363 silly decomposeActions test pg-types@1.6.0
364 silly decomposeActions preinstall pg-types@1.6.0
365 silly decomposeActions build pg-types@1.6.0
366 silly decomposeActions install pg-types@1.6.0
367 silly decomposeActions postinstall pg-types@1.6.0
368 silly decomposeActions finalize pg-types@1.6.0
369 silly decomposeActions fetch readable-stream@1.0.31
370 silly decomposeActions extract readable-stream@1.0.31
371 silly decomposeActions test readable-stream@1.0.31
372 silly decomposeActions preinstall readable-stream@1.0.31
373 silly decomposeActions build readable-stream@1.0.31
374 silly decomposeActions install readable-stream@1.0.31
375 silly decomposeActions postinstall readable-stream@1.0.31
376 silly decomposeActions finalize readable-stream@1.0.31
377 silly decomposeActions fetch pg-native@1.10.0
378 silly decomposeActions extract pg-native@1.10.0
379 silly decomposeActions test pg-native@1.10.0
380 silly decomposeActions preinstall pg-native@1.10.0
381 silly decomposeActions build pg-native@1.10.0
382 silly decomposeActions install pg-native@1.10.0
383 silly decomposeActions postinstall pg-native@1.10.0
384 silly decomposeActions finalize pg-native@1.10.0
385 silly runTopLevelLifecycles Starting
386 silly executeActions Starting
387 silly install executeActions
388 silly doSerial global-install 0
389 silly doParallel fetch 6
390 verbose correctMkdir C:\Users\ryans\AppData\Roaming\npm-cache\_locks correctMkdir not in flight; initializing
391 verbose lock using C:\Users\ryans\AppData\Roaming\npm-cache\_locks\staging-c0bef2a9e73c17e8.lock for C:\Users\ryans\Desktop\ClassWork\Project2\RutProject2\node_modules\.staging
392 silly doParallel extract 6
393 silly extract bindings@1.2.1
394 silly extract nan@2.4.0
395 silly extract libpq@1.8.5
396 silly extract pg-types@1.6.0
397 silly extract readable-stream@1.0.31
398 silly extract pg-native@1.10.0
399 verbose unbuild node_modules\.staging\bindings-5651889d
400 verbose unbuild node_modules\.staging\nan-7867202b
401 verbose unbuild node_modules\.staging\pg-types-87c87a67
402 verbose unbuild node_modules\.staging\libpq-00528dbd
403 verbose unbuild node_modules\.staging\readable-stream-7321d5d8
404 verbose unbuild node_modules\.staging\pg-native-acd188e1
405 silly gentlyRm C:\Users\ryans\Desktop\ClassWork\Project2\RutProject2\node_modules\.staging\bindings-5651889d is being purged from base C:\Users\ryans\Desktop\ClassWork\Project2\RutProject2
406 verbose gentlyRm don't care about contents; nuking C:\Users\ryans\Desktop\ClassWork\Project2\RutProject2\node_modules\.staging\bindings-5651889d
407 silly gentlyRm C:\Users\ryans\Desktop\ClassWork\Project2\RutProject2\node_modules\.staging\nan-7867202b is being purged from base C:\Users\ryans\Desktop\ClassWork\Project2\RutProject2
408 verbose gentlyRm don't care about contents; nuking C:\Users\ryans\Desktop\ClassWork\Project2\RutProject2\node_modules\.staging\nan-7867202b
409 silly gentlyRm C:\Users\ryans\Desktop\ClassWork\Project2\RutProject2\node_modules\.staging\pg-types-87c87a67 is being purged from base C:\Users\ryans\Desktop\ClassWork\Project2\RutProject2
410 verbose gentlyRm don't care about contents; nuking C:\Users\ryans\Desktop\ClassWork\Project2\RutProject2\node_modules\.staging\pg-types-87c87a67
411 silly gentlyRm C:\Users\ryans\Desktop\ClassWork\Project2\RutProject2\node_modules\.staging\libpq-00528dbd is being purged from base C:\Users\ryans\Desktop\ClassWork\Project2\RutProject2
412 verbose gentlyRm don't care about contents; nuking C:\Users\ryans\Desktop\ClassWork\Project2\RutProject2\node_modules\.staging\libpq-00528dbd
413 silly gentlyRm C:\Users\ryans\Desktop\ClassWork\Project2\RutProject2\node_modules\.staging\readable-stream-7321d5d8 is being purged from base C:\Users\ryans\Desktop\ClassWork\Project2\RutProject2
414 verbose gentlyRm don't care about contents; nuking C:\Users\ryans\Desktop\ClassWork\Project2\RutProject2\node_modules\.staging\readable-stream-7321d5d8
415 verbose tar unpack C:\Users\ryans\AppData\Roaming\npm-cache\bindings\1.2.1\package.tgz
416 verbose tar unpacking to C:\Users\ryans\Desktop\ClassWork\Project2\RutProject2\node_modules\.staging\bindings-5651889d
417 silly gentlyRm C:\Users\ryans\Desktop\ClassWork\Project2\RutProject2\node_modules\.staging\bindings-5651889d is being purged
418 verbose gentlyRm don't care about contents; nuking C:\Users\ryans\Desktop\ClassWork\Project2\RutProject2\node_modules\.staging\bindings-5651889d
419 verbose tar unpack C:\Users\ryans\AppData\Roaming\npm-cache\nan\2.4.0\package.tgz
420 verbose tar unpacking to C:\Users\ryans\Desktop\ClassWork\Project2\RutProject2\node_modules\.staging\nan-7867202b
421 silly gentlyRm C:\Users\ryans\Desktop\ClassWork\Project2\RutProject2\node_modules\.staging\nan-7867202b is being purged
422 verbose gentlyRm don't care about contents; nuking C:\Users\ryans\Desktop\ClassWork\Project2\RutProject2\node_modules\.staging\nan-7867202b
423 silly gentlyRm C:\Users\ryans\Desktop\ClassWork\Project2\RutProject2\node_modules\.staging\pg-native-acd188e1 is being purged from base C:\Users\ryans\Desktop\ClassWork\Project2\RutProject2
424 verbose gentlyRm don't care about contents; nuking C:\Users\ryans\Desktop\ClassWork\Project2\RutProject2\node_modules\.staging\pg-native-acd188e1
425 verbose tar unpack C:\Users\ryans\AppData\Roaming\npm-cache\pg-types\1.6.0\package.tgz
426 verbose tar unpacking to C:\Users\ryans\Desktop\ClassWork\Project2\RutProject2\node_modules\.staging\pg-types-87c87a67
427 silly gentlyRm C:\Users\ryans\Desktop\ClassWork\Project2\RutProject2\node_modules\.staging\pg-types-87c87a67 is being purged
428 verbose gentlyRm don't care about contents; nuking C:\Users\ryans\Desktop\ClassWork\Project2\RutProject2\node_modules\.staging\pg-types-87c87a67
429 verbose tar unpack C:\Users\ryans\AppData\Roaming\npm-cache\libpq\1.8.5\package.tgz
430 verbose tar unpacking to C:\Users\ryans\Desktop\ClassWork\Project2\RutProject2\node_modules\.staging\libpq-00528dbd
431 silly gentlyRm C:\Users\ryans\Desktop\ClassWork\Project2\RutProject2\node_modules\.staging\libpq-00528dbd is being purged
432 verbose gentlyRm don't care about contents; nuking C:\Users\ryans\Desktop\ClassWork\Project2\RutProject2\node_modules\.staging\libpq-00528dbd
433 verbose tar unpack C:\Users\ryans\AppData\Roaming\npm-cache\readable-stream\1.0.31\package.tgz
434 verbose tar unpacking to C:\Users\ryans\Desktop\ClassWork\Project2\RutProject2\node_modules\.staging\readable-stream-7321d5d8
435 silly gentlyRm C:\Users\ryans\Desktop\ClassWork\Project2\RutProject2\node_modules\.staging\readable-stream-7321d5d8 is being purged
436 verbose gentlyRm don't care about contents; nuking C:\Users\ryans\Desktop\ClassWork\Project2\RutProject2\node_modules\.staging\readable-stream-7321d5d8
437 silly gunzTarPerm modes [ '777', '666' ]
438 silly gunzTarPerm modes [ '777', '666' ]
439 verbose tar unpack C:\Users\ryans\AppData\Roaming\npm-cache\pg-native\1.10.0\package.tgz
440 verbose tar unpacking to C:\Users\ryans\Desktop\ClassWork\Project2\RutProject2\node_modules\.staging\pg-native-acd188e1
441 silly gentlyRm C:\Users\ryans\Desktop\ClassWork\Project2\RutProject2\node_modules\.staging\pg-native-acd188e1 is being purged
442 verbose gentlyRm don't care about contents; nuking C:\Users\ryans\Desktop\ClassWork\Project2\RutProject2\node_modules\.staging\pg-native-acd188e1
443 silly gunzTarPerm modes [ '777', '666' ]
444 silly gunzTarPerm modes [ '777', '666' ]
445 silly gunzTarPerm modes [ '777', '666' ]
446 silly gunzTarPerm modes [ '777', '666' ]
447 silly gunzTarPerm extractEntry package.json
448 silly gunzTarPerm modified mode [ 'package.json', 420, 438 ]
449 silly gunzTarPerm extractEntry package.json
450 silly gunzTarPerm modified mode [ 'package.json', 436, 438 ]
451 silly gunzTarPerm extractEntry package.json
452 silly gunzTarPerm modified mode [ 'package.json', 420, 438 ]
453 silly gunzTarPerm extractEntry package.json
454 silly gunzTarPerm modified mode [ 'package.json', 420, 438 ]
455 silly gunzTarPerm extractEntry package.json
456 silly gunzTarPerm modified mode [ 'package.json', 436, 438 ]
457 silly gunzTarPerm extractEntry package.json
458 silly gunzTarPerm modified mode [ 'package.json', 420, 438 ]
459 silly gunzTarPerm extractEntry README.md
460 silly gunzTarPerm modified mode [ 'README.md', 420, 438 ]
461 silly gunzTarPerm extractEntry bindings.js
462 silly gunzTarPerm modified mode [ 'bindings.js', 420, 438 ]
463 silly gunzTarPerm extractEntry README.md
464 silly gunzTarPerm modified mode [ 'README.md', 436, 438 ]
465 silly gunzTarPerm extractEntry .npmignore
466 silly gunzTarPerm modified mode [ '.npmignore', 420, 438 ]
467 silly gunzTarPerm extractEntry README.md
468 silly gunzTarPerm modified mode [ 'README.md', 420, 438 ]
469 silly gunzTarPerm extractEntry .npmignore
470 silly gunzTarPerm modified mode [ '.npmignore', 420, 438 ]
471 silly gunzTarPerm extractEntry README.md
472 silly gunzTarPerm modified mode [ 'README.md', 420, 438 ]
473 silly gunzTarPerm extractEntry include_dirs.js
474 silly gunzTarPerm modified mode [ 'include_dirs.js', 436, 438 ]
475 silly gunzTarPerm extractEntry .npmignore
476 silly gunzTarPerm modified mode [ '.npmignore', 420, 438 ]
477 silly gunzTarPerm extractEntry README.md
478 silly gunzTarPerm modified mode [ 'README.md', 436, 438 ]
479 silly gunzTarPerm extractEntry .npmignore
480 silly gunzTarPerm modified mode [ '.npmignore', 420, 438 ]
481 silly gunzTarPerm extractEntry README.md
482 silly gunzTarPerm modified mode [ 'README.md', 420, 438 ]
483 silly gunzTarPerm extractEntry index.js
484 silly gunzTarPerm modified mode [ 'index.js', 420, 438 ]
485 silly gunzTarPerm extractEntry index.js
486 silly gunzTarPerm modified mode [ 'index.js', 420, 438 ]
487 silly gunzTarPerm extractEntry .travis.yml
488 silly gunzTarPerm modified mode [ '.travis.yml', 420, 438 ]
489 silly gunzTarPerm extractEntry nan_callbacks_pre_12_inl.h
490 silly gunzTarPerm modified mode [ 'nan_callbacks_pre_12_inl.h', 436, 438 ]
491 silly gunzTarPerm extractEntry CHANGELOG.md
492 silly gunzTarPerm modified mode [ 'CHANGELOG.md', 436, 438 ]
493 silly gunzTarPerm extractEntry LICENSE.md
494 silly gunzTarPerm modified mode [ 'LICENSE.md', 436, 438 ]
495 silly gunzTarPerm extractEntry doc/node_misc.md
496 silly gunzTarPerm modified mode [ 'doc/node_misc.md', 436, 438 ]
497 silly gunzTarPerm extractEntry LICENSE
498 silly gunzTarPerm modified mode [ 'LICENSE', 436, 438 ]
499 silly gunzTarPerm extractEntry transform.js
500 silly gunzTarPerm modified mode [ 'transform.js', 420, 438 ]
501 silly gunzTarPerm extractEntry index.js
502 silly gunzTarPerm modified mode [ 'index.js', 420, 438 ]
503 silly gunzTarPerm extractEntry bench/index.js
504 silly gunzTarPerm modified mode [ 'bench/index.js', 420, 438 ]
505 silly gunzTarPerm extractEntry bench/leaks.js
506 silly gunzTarPerm modified mode [ 'bench/leaks.js', 420, 438 ]
507 silly gunzTarPerm extractEntry .travis.yml
508 silly gunzTarPerm modified mode [ '.travis.yml', 420, 438 ]
509 silly gunzTarPerm extractEntry Makefile
510 silly gunzTarPerm modified mode [ 'Makefile', 420, 438 ]
511 silly gunzTarPerm extractEntry lib/copy-stream.js
512 silly gunzTarPerm modified mode [ 'lib/copy-stream.js', 420, 438 ]
513 silly gunzTarPerm extractEntry test/array-mode.js
514 silly gunzTarPerm modified mode [ 'test/array-mode.js', 420, 438 ]
515 silly gunzTarPerm extractEntry test/custom-types.js
516 silly gunzTarPerm modified mode [ 'test/custom-types.js', 420, 438 ]
517 silly gunzTarPerm extractEntry test/domains.js
518 silly gunzTarPerm modified mode [ 'test/domains.js', 420, 438 ]
519 silly gunzTarPerm extractEntry test/huge-query.js
520 silly gunzTarPerm modified mode [ 'test/huge-query.js', 420, 438 ]
521 silly gunzTarPerm extractEntry test/copy-to.js
522 silly gunzTarPerm modified mode [ 'test/copy-to.js', 420, 438 ]
523 silly gunzTarPerm extractEntry test/async-workflow.js
524 silly gunzTarPerm modified mode [ 'test/async-workflow.js', 420, 438 ]
525 silly gunzTarPerm extractEntry test/many-connections.js
526 silly gunzTarPerm modified mode [ 'test/many-connections.js', 420, 438 ]
527 silly gunzTarPerm extractEntry test/many-errors.js
528 silly gunzTarPerm modified mode [ 'test/many-errors.js', 420, 438 ]
529 silly gunzTarPerm extractEntry test/query-sync.js
530 silly gunzTarPerm modified mode [ 'test/query-sync.js', 420, 438 ]
531 silly gunzTarPerm extractEntry test/multiple-queries.js
532 silly gunzTarPerm modified mode [ 'test/multiple-queries.js', 420, 438 ]
533 silly gunzTarPerm extractEntry test/copy-from.js
534 silly gunzTarPerm modified mode [ 'test/copy-from.js', 420, 438 ]
535 silly gunzTarPerm extractEntry test/notify.js
536 silly gunzTarPerm modified mode [ 'test/notify.js', 420, 438 ]
537 silly gunzTarPerm extractEntry test/connection.js
538 silly gunzTarPerm modified mode [ 'test/connection.js', 420, 438 ]
539 silly gunzTarPerm extractEntry test/prepare.js
540 silly gunzTarPerm modified mode [ 'test/prepare.js', 420, 438 ]
541 silly gunzTarPerm extractEntry test/cancel.js
542 silly gunzTarPerm modified mode [ 'test/cancel.js', 420, 438 ]
543 silly gunzTarPerm extractEntry test/query-async.js
544 silly gunzTarPerm modified mode [ 'test/query-async.js', 420, 438 ]
545 silly gunzTarPerm extractEntry test/index.js
546 silly gunzTarPerm modified mode [ 'test/index.js', 420, 438 ]
547 silly gunzTarPerm extractEntry test/version.js
548 silly gunzTarPerm modified mode [ 'test/version.js', 420, 438 ]
549 silly gunzTarPerm extractEntry test/load.js
550 silly gunzTarPerm modified mode [ 'test/load.js', 420, 438 ]
551 silly gunzTarPerm extractEntry test/mocha.opts
552 silly gunzTarPerm modified mode [ 'test/mocha.opts', 420, 438 ]
553 silly gunzTarPerm extractEntry Makefile
554 silly gunzTarPerm modified mode [ 'Makefile', 420, 438 ]
555 silly gunzTarPerm extractEntry lib/arrayParser.js
556 silly gunzTarPerm modified mode [ 'lib/arrayParser.js', 420, 438 ]
557 silly gunzTarPerm extractEntry binding.gyp
558 silly gunzTarPerm modified mode [ 'binding.gyp', 420, 438 ]
559 silly gunzTarPerm extractEntry .travis.yml
560 silly gunzTarPerm modified mode [ '.travis.yml', 420, 438 ]
561 silly gunzTarPerm extractEntry Makefile
562 silly gunzTarPerm modified mode [ 'Makefile', 420, 438 ]
563 silly gunzTarPerm extractEntry src/addon.cc
564 silly gunzTarPerm modified mode [ 'src/addon.cc', 420, 438 ]
565 silly gunzTarPerm extractEntry duplex.js
566 silly gunzTarPerm modified mode [ 'duplex.js', 420, 438 ]
567 silly gunzTarPerm extractEntry readable.js
568 silly gunzTarPerm modified mode [ 'readable.js', 436, 438 ]
569 silly gunzTarPerm extractEntry doc/asyncworker.md
570 silly gunzTarPerm modified mode [ 'doc/asyncworker.md', 436, 438 ]
571 silly gunzTarPerm extractEntry doc/callback.md
572 silly gunzTarPerm modified mode [ 'doc/callback.md', 436, 438 ]
573 silly gunzTarPerm extractEntry doc/converters.md
574 silly gunzTarPerm modified mode [ 'doc/converters.md', 436, 438 ]
575 silly gunzTarPerm extractEntry doc/errors.md
576 silly gunzTarPerm modified mode [ 'doc/errors.md', 436, 438 ]
577 silly gunzTarPerm extractEntry lib/binaryParsers.js
578 silly gunzTarPerm modified mode [ 'lib/binaryParsers.js', 420, 438 ]
579 silly gunzTarPerm extractEntry lib/textParsers.js
580 silly gunzTarPerm modified mode [ 'lib/textParsers.js', 420, 438 ]
581 silly gunzTarPerm extractEntry test/array.js
582 silly gunzTarPerm modified mode [ 'test/array.js', 420, 438 ]
583 silly gunzTarPerm extractEntry test/assert.js
584 silly gunzTarPerm modified mode [ 'test/assert.js', 420, 438 ]
585 silly gunzTarPerm extractEntry test/dates.js
586 silly gunzTarPerm modified mode [ 'test/dates.js', 420, 438 ]
587 silly gunzTarPerm extractEntry test/index.js
588 silly gunzTarPerm modified mode [ 'test/index.js', 420, 438 ]
589 silly gunzTarPerm extractEntry src/addon.h
590 silly gunzTarPerm modified mode [ 'src/addon.h', 420, 438 ]
591 silly gunzTarPerm extractEntry src/connect-async-worker.cc
592 silly gunzTarPerm modified mode [ 'src/connect-async-worker.cc', 420, 438 ]
593 silly gunzTarPerm extractEntry passthrough.js
594 silly gunzTarPerm modified mode [ 'passthrough.js', 420, 438 ]
595 silly gunzTarPerm extractEntry writable.js
596 silly gunzTarPerm modified mode [ 'writable.js', 420, 438 ]
597 silly gunzTarPerm extractEntry doc/maybe_types.md
598 silly gunzTarPerm modified mode [ 'doc/maybe_types.md', 436, 438 ]
599 silly gunzTarPerm extractEntry doc/methods.md
600 silly gunzTarPerm modified mode [ 'doc/methods.md', 436, 438 ]
601 silly gunzTarPerm extractEntry src/connect-async-worker.h
602 silly gunzTarPerm modified mode [ 'src/connect-async-worker.h', 420, 438 ]
603 silly gunzTarPerm extractEntry src/connection.cc
604 silly gunzTarPerm modified mode [ 'src/connection.cc', 420, 438 ]
605 silly gunzTarPerm extractEntry lib/_stream_duplex.js
606 silly gunzTarPerm modified mode [ 'lib/_stream_duplex.js', 436, 438 ]
607 silly gunzTarPerm extractEntry lib/_stream_passthrough.js
608 silly gunzTarPerm modified mode [ 'lib/_stream_passthrough.js', 436, 438 ]
609 silly gentlyRm C:\Users\ryans\Desktop\ClassWork\Project2\RutProject2\node_modules\.staging\bindings-5651889d\node_modules is being purged
610 verbose gentlyRm don't care about contents; nuking C:\Users\ryans\Desktop\ClassWork\Project2\RutProject2\node_modules\.staging\bindings-5651889d\node_modules
611 silly gunzTarPerm extractEntry doc/new.md
612 silly gunzTarPerm modified mode [ 'doc/new.md', 436, 438 ]
613 silly gunzTarPerm extractEntry doc/buffers.md
614 silly gunzTarPerm modified mode [ 'doc/buffers.md', 436, 438 ]
615 silly gunzTarPerm extractEntry lib/_stream_readable.js
616 silly gunzTarPerm modified mode [ 'lib/_stream_readable.js', 436, 438 ]
617 silly gunzTarPerm extractEntry src/connection.h
618 silly gunzTarPerm modified mode [ 'src/connection.h', 420, 438 ]
619 silly gunzTarPerm extractEntry test/async-connection.js
620 silly gunzTarPerm modified mode [ 'test/async-connection.js', 420, 438 ]
621 silly gunzTarPerm extractEntry lib/_stream_transform.js
622 silly gunzTarPerm modified mode [ 'lib/_stream_transform.js', 436, 438 ]
623 silly gunzTarPerm extractEntry lib/_stream_writable.js
624 silly gunzTarPerm modified mode [ 'lib/_stream_writable.js', 436, 438 ]
625 silly gunzTarPerm extractEntry doc/object_wrappers.md
626 silly gunzTarPerm modified mode [ 'doc/object_wrappers.md', 436, 438 ]
627 silly gunzTarPerm extractEntry doc/persistent.md
628 silly gunzTarPerm modified mode [ 'doc/persistent.md', 436, 438 ]
629 silly gunzTarPerm extractEntry test/escaping.js
630 silly gunzTarPerm modified mode [ 'test/escaping.js', 420, 438 ]
631 silly gunzTarPerm extractEntry test/helper.js
632 silly gunzTarPerm modified mode [ 'test/helper.js', 420, 438 ]
633 silly gunzTarPerm extractEntry doc/scopes.md
634 silly gunzTarPerm modified mode [ 'doc/scopes.md', 436, 438 ]
635 silly gunzTarPerm extractEntry test/index.js
636 silly gunzTarPerm modified mode [ 'test/index.js', 420, 438 ]
637 silly gunzTarPerm extractEntry test/error-info.js
638 silly gunzTarPerm modified mode [ 'test/error-info.js', 420, 438 ]
639 silly gunzTarPerm extractEntry doc/script.md
640 silly gunzTarPerm modified mode [ 'doc/script.md', 436, 438 ]
641 silly gunzTarPerm extractEntry doc/string_bytes.md
642 silly gunzTarPerm modified mode [ 'doc/string_bytes.md', 436, 438 ]
643 silly gunzTarPerm extractEntry test/async-socket.js
644 silly gunzTarPerm modified mode [ 'test/async-socket.js', 420, 438 ]
645 silly gunzTarPerm extractEntry test/sync-prepare.js
646 silly gunzTarPerm modified mode [ 'test/sync-prepare.js', 420, 438 ]
647 silly gunzTarPerm extractEntry doc/v8_internals.md
648 silly gunzTarPerm modified mode [ 'doc/v8_internals.md', 436, 438 ]
649 silly gunzTarPerm extractEntry doc/v8_misc.md
650 silly gunzTarPerm modified mode [ 'doc/v8_misc.md', 436, 438 ]
651 silly gunzTarPerm extractEntry test/multiple-queries.js
652 silly gunzTarPerm modified mode [ 'test/multiple-queries.js', 420, 438 ]
653 silly gunzTarPerm extractEntry test/non-blocking-controls.js
654 silly gunzTarPerm modified mode [ 'test/non-blocking-controls.js', 420, 438 ]
655 silly gunzTarPerm extractEntry nan.h
656 silly gunzTarPerm modified mode [ 'nan.h', 436, 438 ]
657 silly gunzTarPerm extractEntry nan_callbacks.h
658 silly gunzTarPerm modified mode [ 'nan_callbacks.h', 436, 438 ]
659 silly gunzTarPerm extractEntry test/notification.js
660 silly gunzTarPerm modified mode [ 'test/notification.js', 420, 438 ]
661 silly gunzTarPerm extractEntry test/error-conditions.js
662 silly gunzTarPerm modified mode [ 'test/error-conditions.js', 420, 438 ]
663 silly gunzTarPerm extractEntry nan_callbacks_12_inl.h
664 silly gunzTarPerm modified mode [ 'nan_callbacks_12_inl.h', 436, 438 ]
665 silly gunzTarPerm extractEntry nan_converters.h
666 silly gunzTarPerm modified mode [ 'nan_converters.h', 436, 438 ]
667 silly gunzTarPerm extractEntry nan_converters_43_inl.h
668 silly gunzTarPerm modified mode [ 'nan_converters_43_inl.h', 436, 438 ]
669 silly gunzTarPerm extractEntry nan_converters_pre_43_inl.h
670 silly gunzTarPerm modified mode [ 'nan_converters_pre_43_inl.h', 436, 438 ]
671 silly gunzTarPerm extractEntry test/result-accessors.js
672 silly gunzTarPerm modified mode [ 'test/result-accessors.js', 420, 438 ]
673 silly gunzTarPerm extractEntry test/copy-out.js
674 silly gunzTarPerm modified mode [ 'test/copy-out.js', 420, 438 ]
675 silly gunzTarPerm extractEntry test/server-version.js
676 silly gunzTarPerm modified mode [ 'test/server-version.js', 420, 438 ]
677 silly gunzTarPerm extractEntry test/copy-in.js
678 silly gunzTarPerm modified mode [ 'test/copy-in.js', 420, 438 ]
679 silly gunzTarPerm extractEntry test/socket.js
680 silly gunzTarPerm modified mode [ 'test/socket.js', 420, 438 ]
681 silly gunzTarPerm extractEntry test/construction.js
682 silly gunzTarPerm modified mode [ 'test/construction.js', 420, 438 ]
683 silly gunzTarPerm extractEntry nan_implementation_12_inl.h
684 silly gunzTarPerm modified mode [ 'nan_implementation_12_inl.h', 436, 438 ]
685 silly gunzTarPerm extractEntry nan_implementation_pre_12_inl.h
686 silly gunzTarPerm modified mode [ 'nan_implementation_pre_12_inl.h', 436, 438 ]
687 silly gunzTarPerm extractEntry nan_maybe_43_inl.h
688 silly gunzTarPerm modified mode [ 'nan_maybe_43_inl.h', 436, 438 ]
689 silly gunzTarPerm extractEntry nan_maybe_pre_43_inl.h
690 silly gunzTarPerm modified mode [ 'nan_maybe_pre_43_inl.h', 436, 438 ]
691 silly gunzTarPerm extractEntry test/sync-integration.js
692 silly gunzTarPerm modified mode [ 'test/sync-integration.js', 420, 438 ]
693 silly gunzTarPerm extractEntry test/cancel.js
694 silly gunzTarPerm modified mode [ 'test/cancel.js', 420, 438 ]
695 silly gunzTarPerm extractEntry nan_new.h
696 silly gunzTarPerm modified mode [ 'nan_new.h', 436, 438 ]
697 silly gunzTarPerm extractEntry nan_object_wrap.h
698 silly gunzTarPerm modified mode [ 'nan_object_wrap.h', 436, 438 ]
699 silly gentlyRm C:\Users\ryans\Desktop\ClassWork\Project2\RutProject2\node_modules\.staging\pg-types-87c87a67\node_modules is being purged
700 verbose gentlyRm don't care about contents; nuking C:\Users\ryans\Desktop\ClassWork\Project2\RutProject2\node_modules\.staging\pg-types-87c87a67\node_modules
701 silly gentlyRm C:\Users\ryans\Desktop\ClassWork\Project2\RutProject2\node_modules\.staging\readable-stream-7321d5d8\node_modules is being purged
702 verbose gentlyRm don't care about contents; nuking C:\Users\ryans\Desktop\ClassWork\Project2\RutProject2\node_modules\.staging\readable-stream-7321d5d8\node_modules
703 silly gunzTarPerm extractEntry nan_persistent_12_inl.h
704 silly gunzTarPerm modified mode [ 'nan_persistent_12_inl.h', 436, 438 ]
705 silly gunzTarPerm extractEntry nan_persistent_pre_12_inl.h
706 silly gunzTarPerm modified mode [ 'nan_persistent_pre_12_inl.h', 436, 438 ]
707 silly gunzTarPerm extractEntry test/sync-parameters.js
708 silly gunzTarPerm modified mode [ 'test/sync-parameters.js', 420, 438 ]
709 silly gunzTarPerm extractEntry test/load.js
710 silly gunzTarPerm modified mode [ 'test/load.js', 420, 438 ]
711 silly gunzTarPerm extractEntry test/sync.js
712 silly gunzTarPerm modified mode [ 'test/sync.js', 420, 438 ]
713 silly gunzTarPerm extractEntry test/many-connections.js
714 silly gunzTarPerm modified mode [ 'test/many-connections.js', 420, 438 ]
715 silly gunzTarPerm extractEntry nan_string_bytes.h
716 silly gunzTarPerm modified mode [ 'nan_string_bytes.h', 436, 438 ]
717 silly gunzTarPerm extractEntry nan_typedarray_contents.h
718 silly gunzTarPerm modified mode [ 'nan_typedarray_contents.h', 436, 438 ]
719 silly gunzTarPerm extractEntry test/mocha.opts
720 silly gunzTarPerm modified mode [ 'test/mocha.opts', 420, 438 ]
721 silly gunzTarPerm extractEntry nan_weak.h
722 silly gunzTarPerm modified mode [ 'nan_weak.h', 436, 438 ]
723 silly gunzTarPerm extractEntry tools/package.json
724 silly gunzTarPerm modified mode [ 'tools/package.json', 436, 438 ]
725 silly gunzTarPerm extractEntry tools/README.md
726 silly gunzTarPerm modified mode [ 'tools/README.md', 436, 438 ]
727 silly gunzTarPerm extractEntry tools/1to2.js
728 silly gunzTarPerm modified mode [ 'tools/1to2.js', 509, 511 ]
729 silly gentlyRm C:\Users\ryans\Desktop\ClassWork\Project2\RutProject2\node_modules\.staging\pg-native-acd188e1\node_modules is being purged
730 verbose gentlyRm don't care about contents; nuking C:\Users\ryans\Desktop\ClassWork\Project2\RutProject2\node_modules\.staging\pg-native-acd188e1\node_modules
731 silly gentlyRm C:\Users\ryans\Desktop\ClassWork\Project2\RutProject2\node_modules\.staging\libpq-00528dbd\node_modules is being purged
732 verbose gentlyRm don't care about contents; nuking C:\Users\ryans\Desktop\ClassWork\Project2\RutProject2\node_modules\.staging\libpq-00528dbd\node_modules
733 silly gentlyRm C:\Users\ryans\Desktop\ClassWork\Project2\RutProject2\node_modules\.staging\nan-7867202b\node_modules is being purged
734 verbose gentlyRm don't care about contents; nuking C:\Users\ryans\Desktop\ClassWork\Project2\RutProject2\node_modules\.staging\nan-7867202b\node_modules
735 silly doParallel preinstall 6
736 silly preinstall bindings@1.2.1 C:\Users\ryans\Desktop\ClassWork\Project2\RutProject2\node_modules\.staging\bindings-5651889d
737 info lifecycle bindings@1.2.1~preinstall: bindings@1.2.1
738 silly preinstall nan@2.4.0 C:\Users\ryans\Desktop\ClassWork\Project2\RutProject2\node_modules\.staging\nan-7867202b
739 info lifecycle nan@2.4.0~preinstall: nan@2.4.0
740 silly preinstall libpq@1.8.5 C:\Users\ryans\Desktop\ClassWork\Project2\RutProject2\node_modules\.staging\libpq-00528dbd
741 info lifecycle libpq@1.8.5~preinstall: libpq@1.8.5
742 silly preinstall pg-types@1.6.0 C:\Users\ryans\Desktop\ClassWork\Project2\RutProject2\node_modules\.staging\pg-types-87c87a67
743 info lifecycle pg-types@1.6.0~preinstall: pg-types@1.6.0
744 silly preinstall readable-stream@1.0.31 C:\Users\ryans\Desktop\ClassWork\Project2\RutProject2\node_modules\.staging\readable-stream-7321d5d8
745 info lifecycle readable-stream@1.0.31~preinstall: readable-stream@1.0.31
746 silly preinstall pg-native@1.10.0 C:\Users\ryans\Desktop\ClassWork\Project2\RutProject2\node_modules\.staging\pg-native-acd188e1
747 info lifecycle pg-native@1.10.0~preinstall: pg-native@1.10.0
748 silly lifecycle bindings@1.2.1~preinstall: no script for preinstall, continuing
749 silly lifecycle nan@2.4.0~preinstall: no script for preinstall, continuing
750 silly lifecycle libpq@1.8.5~preinstall: no script for preinstall, continuing
751 silly lifecycle pg-types@1.6.0~preinstall: no script for preinstall, continuing
752 silly lifecycle readable-stream@1.0.31~preinstall: no script for preinstall, continuing
753 silly lifecycle pg-native@1.10.0~preinstall: no script for preinstall, continuing
754 silly doReverseSerial remove 0
755 silly doSerial move 0
756 silly doSerial finalize 6
757 silly finalize C:\Users\ryans\Desktop\ClassWork\Project2\RutProject2\node_modules\bindings
758 silly finalize C:\Users\ryans\Desktop\ClassWork\Project2\RutProject2\node_modules\nan
759 silly finalize C:\Users\ryans\Desktop\ClassWork\Project2\RutProject2\node_modules\libpq
760 silly finalize C:\Users\ryans\Desktop\ClassWork\Project2\RutProject2\node_modules\pg-native\node_modules\pg-types
761 silly finalize C:\Users\ryans\Desktop\ClassWork\Project2\RutProject2\node_modules\pg-native\node_modules\readable-stream
762 silly finalize C:\Users\ryans\Desktop\ClassWork\Project2\RutProject2\node_modules\pg-native
763 silly doSerial build 6
764 silly build bindings@1.2.1
765 info linkStuff bindings@1.2.1
766 silly linkStuff bindings@1.2.1 has C:\Users\ryans\Desktop\ClassWork\Project2\RutProject2\node_modules as its parent node_modules
767 verbose linkBins bindings@1.2.1
768 verbose linkMans bindings@1.2.1
769 silly build nan@2.4.0
770 info linkStuff nan@2.4.0
771 silly linkStuff nan@2.4.0 has C:\Users\ryans\Desktop\ClassWork\Project2\RutProject2\node_modules as its parent node_modules
772 verbose linkBins nan@2.4.0
773 verbose linkMans nan@2.4.0
774 silly build libpq@1.8.5
775 info linkStuff libpq@1.8.5
776 silly linkStuff libpq@1.8.5 has C:\Users\ryans\Desktop\ClassWork\Project2\RutProject2\node_modules as its parent node_modules
777 verbose linkBins libpq@1.8.5
778 verbose linkMans libpq@1.8.5
779 silly build pg-types@1.6.0
780 info linkStuff pg-types@1.6.0
781 silly linkStuff pg-types@1.6.0 has C:\Users\ryans\Desktop\ClassWork\Project2\RutProject2\node_modules\pg-native\node_modules as its parent node_modules
782 verbose linkBins pg-types@1.6.0
783 verbose linkMans pg-types@1.6.0
784 silly build readable-stream@1.0.31
785 info linkStuff readable-stream@1.0.31
786 silly linkStuff readable-stream@1.0.31 has C:\Users\ryans\Desktop\ClassWork\Project2\RutProject2\node_modules\pg-native\node_modules as its parent node_modules
787 verbose linkBins readable-stream@1.0.31
788 verbose linkMans readable-stream@1.0.31
789 silly build pg-native@1.10.0
790 info linkStuff pg-native@1.10.0
791 silly linkStuff pg-native@1.10.0 has C:\Users\ryans\Desktop\ClassWork\Project2\RutProject2\node_modules as its parent node_modules
792 verbose linkBins pg-native@1.10.0
793 verbose linkMans pg-native@1.10.0
794 silly doSerial global-link 0
795 silly doParallel update-linked 0
796 silly doSerial install 6
797 silly install bindings@1.2.1 C:\Users\ryans\Desktop\ClassWork\Project2\RutProject2\node_modules\.staging\bindings-5651889d
798 info lifecycle bindings@1.2.1~install: bindings@1.2.1
799 silly lifecycle bindings@1.2.1~install: no script for install, continuing
800 silly install nan@2.4.0 C:\Users\ryans\Desktop\ClassWork\Project2\RutProject2\node_modules\.staging\nan-7867202b
801 info lifecycle nan@2.4.0~install: nan@2.4.0
802 silly lifecycle nan@2.4.0~install: no script for install, continuing
803 silly install libpq@1.8.5 C:\Users\ryans\Desktop\ClassWork\Project2\RutProject2\node_modules\.staging\libpq-00528dbd
804 info lifecycle libpq@1.8.5~install: libpq@1.8.5
805 verbose lifecycle libpq@1.8.5~install: unsafe-perm in lifecycle true
806 verbose lifecycle libpq@1.8.5~install: PATH: C:\Program Files\nodejs\node_modules\npm\bin\node-gyp-bin;C:\Users\ryans\Desktop\ClassWork\Project2\RutProject2\node_modules\libpq\node_modules\.bin;C:\Users\ryans\Desktop\ClassWork\Project2\RutProject2\node_modules\.bin;C:\Users\ryans\bin;C:\Program Files\Git\mingw64\bin;C:\Program Files\Git\usr\local\bin;C:\Program Files\Git\usr\bin;C:\Program Files\Git\usr\bin;C:\Program Files\Git\mingw64\bin;C:\Program Files\Git\usr\bin;C:\Users\ryans\bin;C:\Windows\system32;C:\Windows;C:\Windows\System32\Wbem;C:\Windows\System32\WindowsPowerShell\v1.0;C:\Program Files (x86)\Common Files\lenovo\easyplussdk\bin;C:\Program Files (x86)\NVIDIA Corporation\PhysX\Common;C:\Program Files\Git\cmd;C:\Program Files (x86)\Heroku\bin;C:\Program Files (x86)\git\cmd;C:\Program Files (x86)\Git\cmd;C:\WINDOWS\system32;C:\WINDOWS;C:\WINDOWS\System32\Wbem;C:\WINDOWS\System32\WindowsPowerShell\v1.0;C:\Program Files\nodejs;C:\Users\ryans\AppData\Roaming\npm,C;C:\Program Files\Git\Program Files\Sublime Text 3"C;C:\Program Files\Git\Program Files\MySQL\MySQL Server 5.7\bin"%;C:\Users\ryans\AppData\Local\Microsoft\WindowsApps;C:\Users\ryans\AppData\Roaming\npm;C:\Users\ryans\AppData\Local\atom\bin;C:\Program Files\Git\usr\bin\vendor_perl;C:\Program Files\Git\usr\bin\core_perl
807 verbose lifecycle libpq@1.8.5~install: CWD: C:\Users\ryans\Desktop\ClassWork\Project2\RutProject2\node_modules\libpq
808 silly lifecycle libpq@1.8.5~install: Args: [ '/d /s /c', 'node-gyp rebuild' ]
809 silly lifecycle libpq@1.8.5~install: Returned: code: 1  signal: null
810 info lifecycle libpq@1.8.5~install: Failed to exec install script
811 verbose unlock done using C:\Users\ryans\AppData\Roaming\npm-cache\_locks\staging-c0bef2a9e73c17e8.lock for C:\Users\ryans\Desktop\ClassWork\Project2\RutProject2\node_modules\.staging
812 silly rollbackFailedOptional Starting
813 silly rollbackFailedOptional Finishing
814 silly runTopLevelLifecycles Finishing
815 silly install printInstalled
816 warn bucketlist@1.0.0 No description
817 verbose If you need help, you may report this error at:
817 verbose     <https://github.com/npm/npm/issues>
818 verbose stack Error: libpq@1.8.5 install: `node-gyp rebuild`
818 verbose stack Exit status 1
818 verbose stack     at EventEmitter.<anonymous> (C:\Program Files\nodejs\node_modules\npm\lib\utils\lifecycle.js:255:16)
818 verbose stack     at emitTwo (events.js:106:13)
818 verbose stack     at EventEmitter.emit (events.js:191:7)
818 verbose stack     at ChildProcess.<anonymous> (C:\Program Files\nodejs\node_modules\npm\lib\utils\spawn.js:40:14)
818 verbose stack     at emitTwo (events.js:106:13)
818 verbose stack     at ChildProcess.emit (events.js:191:7)
818 verbose stack     at maybeClose (internal/child_process.js:877:16)
818 verbose stack     at Process.ChildProcess._handle.onexit (internal/child_process.js:226:5)
819 verbose pkgid libpq@1.8.5
820 verbose cwd C:\Users\ryans\Desktop\ClassWork\Project2\RutProject2
821 error Windows_NT 10.0.14393
822 error argv "C:\\Program Files\\nodejs\\node.exe" "C:\\Program Files\\nodejs\\node_modules\\npm\\bin\\npm-cli.js" "install" "--save" "pg-native"
823 error node v6.9.1
824 error npm  v3.10.8
825 error code ELIFECYCLE
826 error libpq@1.8.5 install: `node-gyp rebuild`
826 error Exit status 1
827 error Failed at the libpq@1.8.5 install script 'node-gyp rebuild'.
827 error Make sure you have the latest version of node.js and npm installed.
827 error If you do, this is most likely a problem with the libpq package,
827 error not with npm itself.
827 error Tell the author that this fails on your system:
827 error     node-gyp rebuild
827 error You can get information on how to open an issue for this project with:
827 error     npm bugs libpq
827 error Or if that isn't available, you can get their info via:
827 error     npm owner ls libpq
827 error There is likely additional logging output above.
828 verbose exit [ 1, true ]
